ARM GAS  /tmp/ccejcqfR.s 			page 1


   1              		.cpu cortex-m4
   2              		.eabi_attribute 27, 1
   3              		.eabi_attribute 28, 1
   4              		.eabi_attribute 20, 1
   5              		.eabi_attribute 21, 1
   6              		.eabi_attribute 23, 3
   7              		.eabi_attribute 24, 1
   8              		.eabi_attribute 25, 1
   9              		.eabi_attribute 26, 1
  10              		.eabi_attribute 30, 1
  11              		.eabi_attribute 34, 1
  12              		.eabi_attribute 18, 4
  13              		.file	"bme280.c"
  14              		.text
  15              	.Ltext0:
  16              		.cfi_sections	.debug_frame
  17              		.global	__aeabi_ui2d
  18              		.global	__aeabi_dmul
  19              		.global	__aeabi_dsub
  20              		.global	__aeabi_i2d
  21              		.global	__aeabi_dadd
  22              		.global	__aeabi_d2iz
  23              		.global	__aeabi_ddiv
  24              		.section	.text.BME280_CalibrateTemp,"ax",%progbits
  25              		.align	1
  26              		.global	BME280_CalibrateTemp
  27              		.arch armv7e-m
  28              		.syntax unified
  29              		.thumb
  30              		.thumb_func
  31              		.fpu fpv4-sp-d16
  33              	BME280_CalibrateTemp:
  34              	.LVL0:
  35              	.LFB239:
  36              		.file 1 "Core/Src/bme280.c"
   1:Core/Src/bme280.c **** /*
   2:Core/Src/bme280.c ****  * bme280.c
   3:Core/Src/bme280.c ****  *
   4:Core/Src/bme280.c ****  *  Created on: Jan 3, 2022
   5:Core/Src/bme280.c ****  *      Author: gugu
   6:Core/Src/bme280.c ****  */
   7:Core/Src/bme280.c **** 
   8:Core/Src/bme280.c **** #include "bme280.h"
   9:Core/Src/bme280.c **** 
  10:Core/Src/bme280.c **** /*
  11:Core/Src/bme280.c ****  * CALIBRATION DATA EXTRACTION
  12:Core/Src/bme280.c ****  */
  13:Core/Src/bme280.c **** uint8_t BME280_ReadCalibrationData(BME280 *dev) {
  14:Core/Src/bme280.c **** 
  15:Core/Src/bme280.c **** 	/* Array in which will be stored calibration data*/
  16:Core/Src/bme280.c **** 	uint8_t CalibrationData[32] = {0};
  17:Core/Src/bme280.c **** 
  18:Core/Src/bme280.c **** 	uint8_t errNum = 0;
  19:Core/Src/bme280.c **** 	HAL_StatusTypeDef status;
  20:Core/Src/bme280.c **** 
  21:Core/Src/bme280.c **** 	/* Read calibration data from 0x88 to 0xA1 */
  22:Core/Src/bme280.c **** 	status = BME280_ReadRegisters(dev, BME280_REG_DIG_T1, CalibrationData, 25);
ARM GAS  /tmp/ccejcqfR.s 			page 2


  23:Core/Src/bme280.c **** 	errNum += (status != HAL_OK);
  24:Core/Src/bme280.c **** 
  25:Core/Src/bme280.c **** 	/* Read calibration data from 0xE1 to 0xE7 */
  26:Core/Src/bme280.c **** 	status = BME280_ReadRegisters(dev, BME280_REG_DIG_H2, (uint8_t*) CalibrationData + 25, 7);
  27:Core/Src/bme280.c **** 	errNum += (status != HAL_OK);
  28:Core/Src/bme280.c **** 
  29:Core/Src/bme280.c **** 	dev->dig_T1 = ((CalibrationData[1] << 8) | CalibrationData[0]);
  30:Core/Src/bme280.c **** 	dev->dig_T2 = ((CalibrationData[3] << 8) | CalibrationData[2]);
  31:Core/Src/bme280.c **** 	dev->dig_T3 = ((CalibrationData[5] << 8) | CalibrationData[4]);
  32:Core/Src/bme280.c **** 
  33:Core/Src/bme280.c **** 	dev->dig_P1 = ((CalibrationData[7] << 8) | CalibrationData[6]);
  34:Core/Src/bme280.c **** 	dev->dig_P2 = ((CalibrationData[9] << 8) | CalibrationData[8]);
  35:Core/Src/bme280.c **** 	dev->dig_P3 = ((CalibrationData[11] << 8) | CalibrationData[10]);
  36:Core/Src/bme280.c **** 	dev->dig_P4 = ((CalibrationData[13] << 8) | CalibrationData[12]);
  37:Core/Src/bme280.c **** 	dev->dig_P5 = ((CalibrationData[15] << 8) | CalibrationData[14]);
  38:Core/Src/bme280.c **** 	dev->dig_P6 = ((CalibrationData[17] << 8) | CalibrationData[16]);
  39:Core/Src/bme280.c **** 	dev->dig_P7 = ((CalibrationData[19] << 8) | CalibrationData[18]);
  40:Core/Src/bme280.c **** 	dev->dig_P8 = ((CalibrationData[21] << 8) | CalibrationData[20]);
  41:Core/Src/bme280.c **** 	dev->dig_P9 = ((CalibrationData[23] << 8) | CalibrationData[22]);
  42:Core/Src/bme280.c **** 
  43:Core/Src/bme280.c **** 	dev->dig_H1 = CalibrationData[24];
  44:Core/Src/bme280.c **** 	dev->dig_H2 = ((CalibrationData[26] << 8) | CalibrationData[25]);
  45:Core/Src/bme280.c **** 	dev->dig_H3 = CalibrationData[27];
  46:Core/Src/bme280.c **** 	dev->dig_H4 = ((CalibrationData[28] << 4) | (CalibrationData[29] & 0x0F));
  47:Core/Src/bme280.c **** 	dev->dig_H5 = (((CalibrationData[29] & 0xF0) >> 4) | (CalibrationData[30] << 4));
  48:Core/Src/bme280.c **** 	dev->dig_H6 = CalibrationData[31];
  49:Core/Src/bme280.c **** 
  50:Core/Src/bme280.c **** 	return errNum;
  51:Core/Src/bme280.c **** }
  52:Core/Src/bme280.c **** 
  53:Core/Src/bme280.c **** /*
  54:Core/Src/bme280.c ****  * INITIALISATION
  55:Core/Src/bme280.c ****  */
  56:Core/Src/bme280.c **** uint8_t BME280_Initialise(BME280 *dev, I2C_HandleTypeDef *i2c_handle) {
  57:Core/Src/bme280.c **** 
  58:Core/Src/bme280.c **** 	/* Set structure parameters */
  59:Core/Src/bme280.c **** 	dev->i2c_handle	= i2c_handle;
  60:Core/Src/bme280.c **** 
  61:Core/Src/bme280.c **** 	dev->ADC_t		= 0;
  62:Core/Src/bme280.c **** 	dev->ADC_p		= 0;
  63:Core/Src/bme280.c **** 	dev->ADC_h		= 0;
  64:Core/Src/bme280.c **** 
  65:Core/Src/bme280.c **** 	dev->t_fine		= 0;
  66:Core/Src/bme280.c **** 
  67:Core/Src/bme280.c **** 	dev->temp 		= 0.0f;
  68:Core/Src/bme280.c **** 	dev->press		= 0.0f;
  69:Core/Src/bme280.c **** 	dev->hum		= 0.0f;
  70:Core/Src/bme280.c **** 
  71:Core/Src/bme280.c **** 	/* Store number of errors to be returned at the end of the function */
  72:Core/Src/bme280.c **** 	uint8_t errNum = 0;
  73:Core/Src/bme280.c **** 	HAL_StatusTypeDef status;
  74:Core/Src/bme280.c **** 
  75:Core/Src/bme280.c **** 	/* Reset device */
  76:Core/Src/bme280.c **** 	uint8_t regData;
  77:Core/Src/bme280.c **** 
  78:Core/Src/bme280.c **** 	regData = 0xB6;
  79:Core/Src/bme280.c **** 	status = BME280_WriteRegister(dev, BME280_REG_RESET, &regData);
ARM GAS  /tmp/ccejcqfR.s 			page 3


  80:Core/Src/bme280.c **** 	errNum += (status != HAL_OK);
  81:Core/Src/bme280.c **** 	HAL_Delay(100);
  82:Core/Src/bme280.c **** 
  83:Core/Src/bme280.c **** 	/*
  84:Core/Src/bme280.c **** 	 * Check device ID (p. 27)
  85:Core/Src/bme280.c **** 	 */
  86:Core/Src/bme280.c **** 
  87:Core/Src/bme280.c **** 	status = BME280_ReadRegister(dev, BME280_REG_ID, &regData);
  88:Core/Src/bme280.c **** 	errNum += (status != HAL_OK);
  89:Core/Src/bme280.c **** 
  90:Core/Src/bme280.c **** 	if (regData != BME280_DEVICE_ID) {
  91:Core/Src/bme280.c **** 		return 255;
  92:Core/Src/bme280.c **** 	}
  93:Core/Src/bme280.c **** 
  94:Core/Src/bme280.c **** 	/*
  95:Core/Src/bme280.c **** 	 * Read calibration data
  96:Core/Src/bme280.c **** 	 */
  97:Core/Src/bme280.c **** 	errNum += BME280_ReadCalibrationData(dev);
  98:Core/Src/bme280.c **** 
  99:Core/Src/bme280.c **** 	/*
 100:Core/Src/bme280.c **** 	 * Set standby time (t_sb) to 0.5 milliseconds, IIR filter to off and disable SPI
 101:Core/Src/bme280.c **** 	 */
 102:Core/Src/bme280.c **** 	regData = 0x00;
 103:Core/Src/bme280.c **** 	status = BME280_WriteRegister(dev, BME280_REG_CONFIG, &regData);
 104:Core/Src/bme280.c **** 	errNum += (status != HAL_OK);
 105:Core/Src/bme280.c **** 
 106:Core/Src/bme280.c **** 	/*
 107:Core/Src/bme280.c **** 	 * Set humidity oversampling to x1
 108:Core/Src/bme280.c **** 	 */
 109:Core/Src/bme280.c **** 	regData = 0x01;
 110:Core/Src/bme280.c **** 	status = BME280_WriteRegister(dev, BME280_REG_CTRL_HUM, &regData);
 111:Core/Src/bme280.c **** 	errNum += (status != HAL_OK);
 112:Core/Src/bme280.c **** 
 113:Core/Src/bme280.c **** 	/*
 114:Core/Src/bme280.c **** 	 * Set temperature oversampling to x1, pressure oversampling to x1 and mode to Forced
 115:Core/Src/bme280.c **** 	 */
 116:Core/Src/bme280.c **** 	regData = 0x26;
 117:Core/Src/bme280.c **** 	status = BME280_WriteRegister(dev, BME280_REG_CTRL_MEAS, &regData);
 118:Core/Src/bme280.c **** 	errNum += (status != HAL_OK);
 119:Core/Src/bme280.c **** 
 120:Core/Src/bme280.c **** 	return errNum;
 121:Core/Src/bme280.c **** }
 122:Core/Src/bme280.c **** 
 123:Core/Src/bme280.c **** /*
 124:Core/Src/bme280.c ****  * START MEASUREMENTS
 125:Core/Src/bme280.c ****  */
 126:Core/Src/bme280.c **** uint8_t BME280_PerformMeasurements(BME280 *dev) {
 127:Core/Src/bme280.c **** 
 128:Core/Src/bme280.c **** 	uint8_t regData = 0;
 129:Core/Src/bme280.c **** 	uint8_t errNum = 0;
 130:Core/Src/bme280.c **** 	HAL_StatusTypeDef status;
 131:Core/Src/bme280.c **** 
 132:Core/Src/bme280.c **** 	/* Read CTRL_MEAS register */
 133:Core/Src/bme280.c **** 	status = BME280_ReadRegister(dev, BME280_REG_CTRL_MEAS, &regData);
 134:Core/Src/bme280.c **** 	errNum += (status != HAL_OK);
 135:Core/Src/bme280.c **** 
 136:Core/Src/bme280.c **** 	/* Set device to Forced mode*/
ARM GAS  /tmp/ccejcqfR.s 			page 4


 137:Core/Src/bme280.c **** 	regData = regData | 0x01;
 138:Core/Src/bme280.c **** 	BME280_WriteRegister(dev, BME280_REG_CTRL_MEAS, &regData);
 139:Core/Src/bme280.c **** 	errNum += (status != HAL_OK);
 140:Core/Src/bme280.c **** 
 141:Core/Src/bme280.c **** 	HAL_Delay(100);
 142:Core/Src/bme280.c **** 
 143:Core/Src/bme280.c **** 	return errNum;
 144:Core/Src/bme280.c **** }
 145:Core/Src/bme280.c **** 
 146:Core/Src/bme280.c **** /*
 147:Core/Src/bme280.c ****  * DATA ACQUISITION
 148:Core/Src/bme280.c ****  */
 149:Core/Src/bme280.c **** HAL_StatusTypeDef BME280_ReadData(BME280 *dev) {
 150:Core/Src/bme280.c **** 
 151:Core/Src/bme280.c **** 	uint8_t ADC_data[8] = {0};
 152:Core/Src/bme280.c **** 	HAL_StatusTypeDef status;
 153:Core/Src/bme280.c **** 
 154:Core/Src/bme280.c **** 	status = BME280_ReadRegisters(dev, BME280_REG_PRESS_MSB, ADC_data, 8);
 155:Core/Src/bme280.c **** 
 156:Core/Src/bme280.c **** 	dev->ADC_p = ((ADC_data[0] << 12) | (ADC_data[1] << 4) | (ADC_data[2] >> 4));
 157:Core/Src/bme280.c **** 	dev->ADC_t = ((ADC_data[3] << 12) | (ADC_data[4] << 4) | (ADC_data[5] >> 4));
 158:Core/Src/bme280.c **** 	dev->ADC_h = ((ADC_data[6] << 8) | ADC_data[7]);
 159:Core/Src/bme280.c **** 
 160:Core/Src/bme280.c **** 	dev->temp = BME280_CalibrateTemp(dev);
 161:Core/Src/bme280.c **** 	dev->press = BME280_CalibratePress(dev);
 162:Core/Src/bme280.c **** 	dev->hum = BME280_CalibrateHum(dev);
 163:Core/Src/bme280.c **** 
 164:Core/Src/bme280.c **** 	return status;
 165:Core/Src/bme280.c **** }
 166:Core/Src/bme280.c **** 
 167:Core/Src/bme280.c **** /*
 168:Core/Src/bme280.c ****  * DATA CALIBRATION
 169:Core/Src/bme280.c ****  */
 170:Core/Src/bme280.c **** double BME280_CalibrateTemp(BME280 *dev) {
  37              		.loc 1 170 42 view -0
  38              		.cfi_startproc
  39              		@ args = 0, pretend = 0, frame = 0
  40              		@ frame_needed = 0, uses_anonymous_args = 0
  41              		.loc 1 170 42 is_stmt 0 view .LVU1
  42 0000 2DE9D04F 		push	{r4, r6, r7, r8, r9, r10, fp, lr}
  43              	.LCFI0:
  44              		.cfi_def_cfa_offset 32
  45              		.cfi_offset 4, -32
  46              		.cfi_offset 6, -28
  47              		.cfi_offset 7, -24
  48              		.cfi_offset 8, -20
  49              		.cfi_offset 9, -16
  50              		.cfi_offset 10, -12
  51              		.cfi_offset 11, -8
  52              		.cfi_offset 14, -4
  53 0004 0446     		mov	r4, r0
 171:Core/Src/bme280.c **** 	double var1, var2, T;
  54              		.loc 1 171 2 is_stmt 1 view .LVU2
 172:Core/Src/bme280.c **** 
 173:Core/Src/bme280.c **** 	var1 = (((double) (dev->ADC_t)) / 16384.0 - ((double) (dev->dig_T1)) / 1024.0) * ((double) (dev->d
  55              		.loc 1 173 2 view .LVU3
  56              		.loc 1 173 11 is_stmt 0 view .LVU4
ARM GAS  /tmp/ccejcqfR.s 			page 5


  57 0006 806A     		ldr	r0, [r0, #40]
  58              	.LVL1:
  59              		.loc 1 173 11 view .LVU5
  60 0008 FFF7FEFF 		bl	__aeabi_ui2d
  61              	.LVL2:
  62 000c 0646     		mov	r6, r0
  63 000e 0F46     		mov	r7, r1
  64              		.loc 1 173 34 view .LVU6
  65 0010 0022     		movs	r2, #0
  66 0012 2D4B     		ldr	r3, .L3
  67 0014 FFF7FEFF 		bl	__aeabi_dmul
  68              	.LVL3:
  69 0018 8046     		mov	r8, r0
  70 001a 8946     		mov	r9, r1
  71              		.loc 1 173 47 view .LVU7
  72 001c A088     		ldrh	r0, [r4, #4]
  73 001e FFF7FEFF 		bl	__aeabi_ui2d
  74              	.LVL4:
  75 0022 8246     		mov	r10, r0
  76 0024 8B46     		mov	fp, r1
  77              		.loc 1 173 71 view .LVU8
  78 0026 0022     		movs	r2, #0
  79 0028 284B     		ldr	r3, .L3+4
  80 002a FFF7FEFF 		bl	__aeabi_dmul
  81              	.LVL5:
  82 002e 0246     		mov	r2, r0
  83 0030 0B46     		mov	r3, r1
  84              		.loc 1 173 44 view .LVU9
  85 0032 4046     		mov	r0, r8
  86 0034 4946     		mov	r1, r9
  87 0036 FFF7FEFF 		bl	__aeabi_dsub
  88              	.LVL6:
  89 003a 8046     		mov	r8, r0
  90 003c 8946     		mov	r9, r1
  91              		.loc 1 173 84 view .LVU10
  92 003e B4F90600 		ldrsh	r0, [r4, #6]
  93 0042 FFF7FEFF 		bl	__aeabi_i2d
  94              	.LVL7:
  95 0046 0246     		mov	r2, r0
  96 0048 0B46     		mov	r3, r1
  97              		.loc 1 173 7 view .LVU11
  98 004a 4046     		mov	r0, r8
  99 004c 4946     		mov	r1, r9
 100 004e FFF7FEFF 		bl	__aeabi_dmul
 101              	.LVL8:
 102 0052 8046     		mov	r8, r0
 103 0054 8946     		mov	r9, r1
 104              	.LVL9:
 174:Core/Src/bme280.c **** 	var2 = ((((double) (dev->ADC_t)) / 131072.0 - ((double) (dev->dig_T1)) / 8192.0) *
 105              		.loc 1 174 2 is_stmt 1 view .LVU12
 106              		.loc 1 174 35 is_stmt 0 view .LVU13
 107 0056 0022     		movs	r2, #0
 108 0058 1D4B     		ldr	r3, .L3+8
 109 005a 3046     		mov	r0, r6
 110 005c 3946     		mov	r1, r7
 111 005e FFF7FEFF 		bl	__aeabi_dmul
 112              	.LVL10:
ARM GAS  /tmp/ccejcqfR.s 			page 6


 113 0062 0646     		mov	r6, r0
 114 0064 0F46     		mov	r7, r1
 115              		.loc 1 174 73 view .LVU14
 116 0066 0022     		movs	r2, #0
 117 0068 1A4B     		ldr	r3, .L3+12
 118 006a 5046     		mov	r0, r10
 119 006c 5946     		mov	r1, fp
 120 006e FFF7FEFF 		bl	__aeabi_dmul
 121              	.LVL11:
 122 0072 0246     		mov	r2, r0
 123 0074 0B46     		mov	r3, r1
 124              		.loc 1 174 46 view .LVU15
 125 0076 3046     		mov	r0, r6
 126 0078 3946     		mov	r1, r7
 127 007a FFF7FEFF 		bl	__aeabi_dsub
 128              	.LVL12:
 129 007e 0246     		mov	r2, r0
 130 0080 0B46     		mov	r3, r1
 131              		.loc 1 174 83 view .LVU16
 132 0082 FFF7FEFF 		bl	__aeabi_dmul
 133              	.LVL13:
 134 0086 0646     		mov	r6, r0
 135 0088 0F46     		mov	r7, r1
 175:Core/Src/bme280.c **** 			(((double) (dev->ADC_t)) / 131072.0 - ((double) (dev->dig_T1)) / 8192.0)) * ((double) (dev->dig_
 136              		.loc 1 175 81 view .LVU17
 137 008a B4F90800 		ldrsh	r0, [r4, #8]
 138 008e FFF7FEFF 		bl	__aeabi_i2d
 139              	.LVL14:
 140 0092 0246     		mov	r2, r0
 141 0094 0B46     		mov	r3, r1
 174:Core/Src/bme280.c **** 	var2 = ((((double) (dev->ADC_t)) / 131072.0 - ((double) (dev->dig_T1)) / 8192.0) *
 142              		.loc 1 174 7 view .LVU18
 143 0096 3046     		mov	r0, r6
 144 0098 3946     		mov	r1, r7
 145 009a FFF7FEFF 		bl	__aeabi_dmul
 146              	.LVL15:
 147 009e 0246     		mov	r2, r0
 148 00a0 0B46     		mov	r3, r1
 149              	.LVL16:
 176:Core/Src/bme280.c **** 
 177:Core/Src/bme280.c **** 	dev->t_fine = (int32_t)(var1 + var2);
 150              		.loc 1 177 2 is_stmt 1 view .LVU19
 151              		.loc 1 177 31 is_stmt 0 view .LVU20
 152 00a2 4046     		mov	r0, r8
 153 00a4 4946     		mov	r1, r9
 154 00a6 FFF7FEFF 		bl	__aeabi_dadd
 155              	.LVL17:
 156              		.loc 1 177 31 view .LVU21
 157 00aa 0646     		mov	r6, r0
 158 00ac 0F46     		mov	r7, r1
 159              		.loc 1 177 16 view .LVU22
 160 00ae FFF7FEFF 		bl	__aeabi_d2iz
 161              	.LVL18:
 162              		.loc 1 177 14 view .LVU23
 163 00b2 6063     		str	r0, [r4, #52]
 178:Core/Src/bme280.c **** 	T = (var1 + var2) / 5120.0;
 164              		.loc 1 178 2 is_stmt 1 view .LVU24
ARM GAS  /tmp/ccejcqfR.s 			page 7


 165              		.loc 1 178 4 is_stmt 0 view .LVU25
 166 00b4 0022     		movs	r2, #0
 167 00b6 084B     		ldr	r3, .L3+16
 168 00b8 3046     		mov	r0, r6
 169 00ba 3946     		mov	r1, r7
 170 00bc FFF7FEFF 		bl	__aeabi_ddiv
 171              	.LVL19:
 179:Core/Src/bme280.c **** 
 180:Core/Src/bme280.c **** 	return T;
 172              		.loc 1 180 2 is_stmt 1 view .LVU26
 181:Core/Src/bme280.c **** }
 173              		.loc 1 181 1 is_stmt 0 view .LVU27
 174 00c0 41EC100B 		vmov	d0, r0, r1
 175 00c4 BDE8D08F 		pop	{r4, r6, r7, r8, r9, r10, fp, pc}
 176              	.LVL20:
 177              	.L4:
 178              		.loc 1 181 1 view .LVU28
 179              		.align	2
 180              	.L3:
 181 00c8 0000103F 		.word	1058013184
 182 00cc 0000503F 		.word	1062207488
 183 00d0 0000E03E 		.word	1054867456
 184 00d4 0000203F 		.word	1059061760
 185 00d8 0000B440 		.word	1085538304
 186              		.cfi_endproc
 187              	.LFE239:
 189              		.global	__aeabi_dcmpeq
 190              		.section	.text.BME280_CalibratePress,"ax",%progbits
 191              		.align	1
 192              		.global	BME280_CalibratePress
 193              		.syntax unified
 194              		.thumb
 195              		.thumb_func
 196              		.fpu fpv4-sp-d16
 198              	BME280_CalibratePress:
 199              	.LVL21:
 200              	.LFB240:
 182:Core/Src/bme280.c **** 
 183:Core/Src/bme280.c **** double BME280_CalibratePress(BME280 *dev) {
 201              		.loc 1 183 43 is_stmt 1 view -0
 202              		.cfi_startproc
 203              		@ args = 0, pretend = 0, frame = 0
 204              		@ frame_needed = 0, uses_anonymous_args = 0
 205              		.loc 1 183 43 is_stmt 0 view .LVU30
 206 0000 2DE9F047 		push	{r4, r5, r6, r7, r8, r9, r10, lr}
 207              	.LCFI1:
 208              		.cfi_def_cfa_offset 32
 209              		.cfi_offset 4, -32
 210              		.cfi_offset 5, -28
 211              		.cfi_offset 6, -24
 212              		.cfi_offset 7, -20
 213              		.cfi_offset 8, -16
 214              		.cfi_offset 9, -12
 215              		.cfi_offset 10, -8
 216              		.cfi_offset 14, -4
 217 0004 8246     		mov	r10, r0
 184:Core/Src/bme280.c **** 	double var1, var2, p;
ARM GAS  /tmp/ccejcqfR.s 			page 8


 218              		.loc 1 184 2 is_stmt 1 view .LVU31
 185:Core/Src/bme280.c **** 
 186:Core/Src/bme280.c **** 	var1 = ((double) (dev->t_fine) / 2.0) - 64000.0;
 219              		.loc 1 186 2 view .LVU32
 220              		.loc 1 186 10 is_stmt 0 view .LVU33
 221 0006 406B     		ldr	r0, [r0, #52]
 222              	.LVL22:
 223              		.loc 1 186 10 view .LVU34
 224 0008 FFF7FEFF 		bl	__aeabi_i2d
 225              	.LVL23:
 226              		.loc 1 186 33 view .LVU35
 227 000c 0022     		movs	r2, #0
 228 000e 7A4B     		ldr	r3, .L9+16
 229 0010 FFF7FEFF 		bl	__aeabi_dmul
 230              	.LVL24:
 231              		.loc 1 186 7 view .LVU36
 232 0014 0022     		movs	r2, #0
 233 0016 794B     		ldr	r3, .L9+20
 234 0018 FFF7FEFF 		bl	__aeabi_dsub
 235              	.LVL25:
 236 001c 0446     		mov	r4, r0
 237 001e 0D46     		mov	r5, r1
 238              	.LVL26:
 187:Core/Src/bme280.c **** 	var2 = var1 * var1 * ((double) (dev->dig_P6)) / 32768.0;
 239              		.loc 1 187 2 is_stmt 1 view .LVU37
 240              		.loc 1 187 14 is_stmt 0 view .LVU38
 241 0020 0246     		mov	r2, r0
 242 0022 0B46     		mov	r3, r1
 243 0024 FFF7FEFF 		bl	__aeabi_dmul
 244              	.LVL27:
 245 0028 0646     		mov	r6, r0
 246 002a 0F46     		mov	r7, r1
 247              		.loc 1 187 24 view .LVU39
 248 002c BAF91400 		ldrsh	r0, [r10, #20]
 249 0030 FFF7FEFF 		bl	__aeabi_i2d
 250              	.LVL28:
 251 0034 0246     		mov	r2, r0
 252 0036 0B46     		mov	r3, r1
 253              		.loc 1 187 21 view .LVU40
 254 0038 3046     		mov	r0, r6
 255 003a 3946     		mov	r1, r7
 256 003c FFF7FEFF 		bl	__aeabi_dmul
 257              	.LVL29:
 258              		.loc 1 187 7 view .LVU41
 259 0040 0022     		movs	r2, #0
 260 0042 4FF07C53 		mov	r3, #1056964608
 261 0046 FFF7FEFF 		bl	__aeabi_dmul
 262              	.LVL30:
 263 004a 0646     		mov	r6, r0
 264 004c 0F46     		mov	r7, r1
 265              	.LVL31:
 188:Core/Src/bme280.c **** 	var2 = var2 + var1 * ((double) (dev->dig_P5)) * 2.0;
 266              		.loc 1 188 2 is_stmt 1 view .LVU42
 267              		.loc 1 188 24 is_stmt 0 view .LVU43
 268 004e BAF91200 		ldrsh	r0, [r10, #18]
 269 0052 FFF7FEFF 		bl	__aeabi_i2d
 270              	.LVL32:
ARM GAS  /tmp/ccejcqfR.s 			page 9


 271              		.loc 1 188 21 view .LVU44
 272 0056 2246     		mov	r2, r4
 273 0058 2B46     		mov	r3, r5
 274 005a FFF7FEFF 		bl	__aeabi_dmul
 275              	.LVL33:
 276 005e 0246     		mov	r2, r0
 277 0060 0B46     		mov	r3, r1
 278              		.loc 1 188 48 view .LVU45
 279 0062 FFF7FEFF 		bl	__aeabi_dadd
 280              	.LVL34:
 281              		.loc 1 188 7 view .LVU46
 282 0066 3246     		mov	r2, r6
 283 0068 3B46     		mov	r3, r7
 284 006a FFF7FEFF 		bl	__aeabi_dadd
 285              	.LVL35:
 189:Core/Src/bme280.c **** 	var2 = (var2 / 4.0)+(((double) (dev->dig_P4)) * 65536.0);
 286              		.loc 1 189 2 is_stmt 1 view .LVU47
 287              		.loc 1 189 15 is_stmt 0 view .LVU48
 288 006e 0022     		movs	r2, #0
 289 0070 634B     		ldr	r3, .L9+24
 290 0072 FFF7FEFF 		bl	__aeabi_dmul
 291              	.LVL36:
 292              		.loc 1 189 15 view .LVU49
 293 0076 0646     		mov	r6, r0
 294 0078 0F46     		mov	r7, r1
 295              		.loc 1 189 24 view .LVU50
 296 007a BAF91000 		ldrsh	r0, [r10, #16]
 297 007e FFF7FEFF 		bl	__aeabi_i2d
 298              	.LVL37:
 299              		.loc 1 189 48 view .LVU51
 300 0082 0022     		movs	r2, #0
 301 0084 5F4B     		ldr	r3, .L9+28
 302 0086 FFF7FEFF 		bl	__aeabi_dmul
 303              	.LVL38:
 304 008a 0246     		mov	r2, r0
 305 008c 0B46     		mov	r3, r1
 306              		.loc 1 189 7 view .LVU52
 307 008e 3046     		mov	r0, r6
 308 0090 3946     		mov	r1, r7
 309 0092 FFF7FEFF 		bl	__aeabi_dadd
 310              	.LVL39:
 311 0096 8046     		mov	r8, r0
 312 0098 8946     		mov	r9, r1
 313              	.LVL40:
 190:Core/Src/bme280.c **** 	var1 = (((double) (dev->dig_P3)) * var1 * var1 / 524288.0 + ((double) (dev->dig_P2)) * var1) / 524
 314              		.loc 1 190 2 is_stmt 1 view .LVU53
 315              		.loc 1 190 11 is_stmt 0 view .LVU54
 316 009a BAF90E00 		ldrsh	r0, [r10, #14]
 317 009e FFF7FEFF 		bl	__aeabi_i2d
 318              	.LVL41:
 319              		.loc 1 190 35 view .LVU55
 320 00a2 2246     		mov	r2, r4
 321 00a4 2B46     		mov	r3, r5
 322 00a6 FFF7FEFF 		bl	__aeabi_dmul
 323              	.LVL42:
 324              		.loc 1 190 42 view .LVU56
 325 00aa 2246     		mov	r2, r4
ARM GAS  /tmp/ccejcqfR.s 			page 10


 326 00ac 2B46     		mov	r3, r5
 327 00ae FFF7FEFF 		bl	__aeabi_dmul
 328              	.LVL43:
 329              		.loc 1 190 49 view .LVU57
 330 00b2 0022     		movs	r2, #0
 331 00b4 4FF07B53 		mov	r3, #1052770304
 332 00b8 FFF7FEFF 		bl	__aeabi_dmul
 333              	.LVL44:
 334 00bc 0646     		mov	r6, r0
 335 00be 0F46     		mov	r7, r1
 336              		.loc 1 190 63 view .LVU58
 337 00c0 BAF90C00 		ldrsh	r0, [r10, #12]
 338 00c4 FFF7FEFF 		bl	__aeabi_i2d
 339              	.LVL45:
 340              		.loc 1 190 87 view .LVU59
 341 00c8 2246     		mov	r2, r4
 342 00ca 2B46     		mov	r3, r5
 343 00cc FFF7FEFF 		bl	__aeabi_dmul
 344              	.LVL46:
 345 00d0 0246     		mov	r2, r0
 346 00d2 0B46     		mov	r3, r1
 347              		.loc 1 190 60 view .LVU60
 348 00d4 3046     		mov	r0, r6
 349 00d6 3946     		mov	r1, r7
 350 00d8 FFF7FEFF 		bl	__aeabi_dadd
 351              	.LVL47:
 352              		.loc 1 190 7 view .LVU61
 353 00dc 0022     		movs	r2, #0
 354 00de 4FF07B53 		mov	r3, #1052770304
 355 00e2 FFF7FEFF 		bl	__aeabi_dmul
 356              	.LVL48:
 191:Core/Src/bme280.c **** 	var1 = (1.0 + var1 / 32768.0)*((double) (dev->dig_P1));
 357              		.loc 1 191 2 is_stmt 1 view .LVU62
 358              		.loc 1 191 21 is_stmt 0 view .LVU63
 359 00e6 0022     		movs	r2, #0
 360 00e8 4FF07C53 		mov	r3, #1056964608
 361 00ec FFF7FEFF 		bl	__aeabi_dmul
 362              	.LVL49:
 363              		.loc 1 191 14 view .LVU64
 364 00f0 0022     		movs	r2, #0
 365 00f2 454B     		ldr	r3, .L9+32
 366 00f4 FFF7FEFF 		bl	__aeabi_dadd
 367              	.LVL50:
 368 00f8 0446     		mov	r4, r0
 369 00fa 0D46     		mov	r5, r1
 370              		.loc 1 191 33 view .LVU65
 371 00fc BAF80A00 		ldrh	r0, [r10, #10]
 372 0100 FFF7FEFF 		bl	__aeabi_ui2d
 373              	.LVL51:
 374 0104 0246     		mov	r2, r0
 375 0106 0B46     		mov	r3, r1
 376              		.loc 1 191 7 view .LVU66
 377 0108 2046     		mov	r0, r4
 378 010a 2946     		mov	r1, r5
 379 010c FFF7FEFF 		bl	__aeabi_dmul
 380              	.LVL52:
 381 0110 0446     		mov	r4, r0
ARM GAS  /tmp/ccejcqfR.s 			page 11


 382 0112 0D46     		mov	r5, r1
 383              	.LVL53:
 192:Core/Src/bme280.c **** 
 193:Core/Src/bme280.c **** 	if (var1 == 0.0) {
 384              		.loc 1 193 2 is_stmt 1 view .LVU67
 385              		.loc 1 193 5 is_stmt 0 view .LVU68
 386 0114 0022     		movs	r2, #0
 387 0116 0023     		movs	r3, #0
 388 0118 FFF7FEFF 		bl	__aeabi_dcmpeq
 389              	.LVL54:
 390 011c 0028     		cmp	r0, #0
 391 011e 60D1     		bne	.L7
 194:Core/Src/bme280.c **** 		return 0;
 195:Core/Src/bme280.c **** 	}
 196:Core/Src/bme280.c **** 
 197:Core/Src/bme280.c **** 	p = 1048576.0 - (double) (dev->ADC_p);
 392              		.loc 1 197 2 is_stmt 1 view .LVU69
 393              		.loc 1 197 18 is_stmt 0 view .LVU70
 394 0120 DAF82C00 		ldr	r0, [r10, #44]
 395 0124 FFF7FEFF 		bl	__aeabi_ui2d
 396              	.LVL55:
 397 0128 0246     		mov	r2, r0
 398 012a 0B46     		mov	r3, r1
 399              		.loc 1 197 4 view .LVU71
 400 012c 0020     		movs	r0, #0
 401 012e 3749     		ldr	r1, .L9+36
 402 0130 FFF7FEFF 		bl	__aeabi_dsub
 403              	.LVL56:
 404 0134 0646     		mov	r6, r0
 405 0136 0F46     		mov	r7, r1
 406              	.LVL57:
 198:Core/Src/bme280.c **** 	p = (p - (var2 / 4096.0)) * 6250.0 / var1;
 407              		.loc 1 198 2 is_stmt 1 view .LVU72
 408              		.loc 1 198 17 is_stmt 0 view .LVU73
 409 0138 0022     		movs	r2, #0
 410 013a 354B     		ldr	r3, .L9+40
 411 013c 4046     		mov	r0, r8
 412 013e 4946     		mov	r1, r9
 413 0140 FFF7FEFF 		bl	__aeabi_dmul
 414              	.LVL58:
 415 0144 0246     		mov	r2, r0
 416 0146 0B46     		mov	r3, r1
 417              		.loc 1 198 9 view .LVU74
 418 0148 3046     		mov	r0, r6
 419 014a 3946     		mov	r1, r7
 420 014c FFF7FEFF 		bl	__aeabi_dsub
 421              	.LVL59:
 422              		.loc 1 198 28 view .LVU75
 423 0150 25A3     		adr	r3, .L9
 424 0152 D3E90023 		ldrd	r2, [r3]
 425 0156 FFF7FEFF 		bl	__aeabi_dmul
 426              	.LVL60:
 427              		.loc 1 198 4 view .LVU76
 428 015a 2246     		mov	r2, r4
 429 015c 2B46     		mov	r3, r5
 430 015e FFF7FEFF 		bl	__aeabi_ddiv
 431              	.LVL61:
ARM GAS  /tmp/ccejcqfR.s 			page 12


 432 0162 0446     		mov	r4, r0
 433              	.LVL62:
 434              		.loc 1 198 4 view .LVU77
 435 0164 0D46     		mov	r5, r1
 436              	.LVL63:
 199:Core/Src/bme280.c **** 	var1 = ((double) (dev->dig_P9)) * p * p / 2147483648.0;
 437              		.loc 1 199 2 is_stmt 1 view .LVU78
 438              		.loc 1 199 10 is_stmt 0 view .LVU79
 439 0166 BAF91A00 		ldrsh	r0, [r10, #26]
 440 016a FFF7FEFF 		bl	__aeabi_i2d
 441              	.LVL64:
 442              		.loc 1 199 34 view .LVU80
 443 016e 2246     		mov	r2, r4
 444 0170 2B46     		mov	r3, r5
 445 0172 FFF7FEFF 		bl	__aeabi_dmul
 446              	.LVL65:
 447              		.loc 1 199 38 view .LVU81
 448 0176 2246     		mov	r2, r4
 449 0178 2B46     		mov	r3, r5
 450 017a FFF7FEFF 		bl	__aeabi_dmul
 451              	.LVL66:
 452              		.loc 1 199 7 view .LVU82
 453 017e 0022     		movs	r2, #0
 454 0180 4FF07853 		mov	r3, #1040187392
 455 0184 FFF7FEFF 		bl	__aeabi_dmul
 456              	.LVL67:
 457 0188 0646     		mov	r6, r0
 458 018a 0F46     		mov	r7, r1
 459              	.LVL68:
 200:Core/Src/bme280.c **** 	var2 = p * ((double) (dev->dig_P8)) / 32768.0;
 460              		.loc 1 200 2 is_stmt 1 view .LVU83
 461              		.loc 1 200 14 is_stmt 0 view .LVU84
 462 018c BAF91800 		ldrsh	r0, [r10, #24]
 463 0190 FFF7FEFF 		bl	__aeabi_i2d
 464              	.LVL69:
 465              		.loc 1 200 11 view .LVU85
 466 0194 2246     		mov	r2, r4
 467 0196 2B46     		mov	r3, r5
 468 0198 FFF7FEFF 		bl	__aeabi_dmul
 469              	.LVL70:
 470              		.loc 1 200 7 view .LVU86
 471 019c 0022     		movs	r2, #0
 472 019e 4FF07C53 		mov	r3, #1056964608
 473 01a2 FFF7FEFF 		bl	__aeabi_dmul
 474              	.LVL71:
 475 01a6 0246     		mov	r2, r0
 476 01a8 0B46     		mov	r3, r1
 477              	.LVL72:
 201:Core/Src/bme280.c **** 	p = p + (var1 + var2 + ((double) (dev->dig_P7))) / 16.0;
 478              		.loc 1 201 2 is_stmt 1 view .LVU87
 479              		.loc 1 201 16 is_stmt 0 view .LVU88
 480 01aa 3046     		mov	r0, r6
 481 01ac 3946     		mov	r1, r7
 482 01ae FFF7FEFF 		bl	__aeabi_dadd
 483              	.LVL73:
 484              		.loc 1 201 16 view .LVU89
 485 01b2 0646     		mov	r6, r0
ARM GAS  /tmp/ccejcqfR.s 			page 13


 486              	.LVL74:
 487              		.loc 1 201 16 view .LVU90
 488 01b4 0F46     		mov	r7, r1
 489              		.loc 1 201 26 view .LVU91
 490 01b6 BAF91600 		ldrsh	r0, [r10, #22]
 491 01ba FFF7FEFF 		bl	__aeabi_i2d
 492              	.LVL75:
 493 01be 0246     		mov	r2, r0
 494 01c0 0B46     		mov	r3, r1
 495              		.loc 1 201 23 view .LVU92
 496 01c2 3046     		mov	r0, r6
 497 01c4 3946     		mov	r1, r7
 498 01c6 FFF7FEFF 		bl	__aeabi_dadd
 499              	.LVL76:
 500              		.loc 1 201 51 view .LVU93
 501 01ca 0022     		movs	r2, #0
 502 01cc 114B     		ldr	r3, .L9+44
 503 01ce FFF7FEFF 		bl	__aeabi_dmul
 504              	.LVL77:
 505              		.loc 1 201 4 view .LVU94
 506 01d2 2246     		mov	r2, r4
 507 01d4 2B46     		mov	r3, r5
 508 01d6 FFF7FEFF 		bl	__aeabi_dadd
 509              	.LVL78:
 510 01da 41EC100B 		vmov	d0, r0, r1
 511              	.LVL79:
 202:Core/Src/bme280.c **** 
 203:Core/Src/bme280.c **** 	return p;
 512              		.loc 1 203 2 is_stmt 1 view .LVU95
 513              	.L5:
 204:Core/Src/bme280.c **** }
 514              		.loc 1 204 1 is_stmt 0 view .LVU96
 515 01de BDE8F087 		pop	{r4, r5, r6, r7, r8, r9, r10, pc}
 516              	.LVL80:
 517              	.L7:
 194:Core/Src/bme280.c **** 	}
 518              		.loc 1 194 10 view .LVU97
 519 01e2 9FED030B 		vldr.64	d0, .L9+8
 520 01e6 FAE7     		b	.L5
 521              	.L10:
 522              		.align	3
 523              	.L9:
 524 01e8 00000000 		.word	0
 525 01ec 006AB840 		.word	1085827584
 526 01f0 00000000 		.word	0
 527 01f4 00000000 		.word	0
 528 01f8 0000E03F 		.word	1071644672
 529 01fc 0040EF40 		.word	1089421312
 530 0200 0000D03F 		.word	1070596096
 531 0204 0000F040 		.word	1089470464
 532 0208 0000F03F 		.word	1072693248
 533 020c 00003041 		.word	1093664768
 534 0210 0000303F 		.word	1060110336
 535 0214 0000B03F 		.word	1068498944
 536              		.cfi_endproc
 537              	.LFE240:
 539              		.global	__aeabi_dcmpgt
ARM GAS  /tmp/ccejcqfR.s 			page 14


 540              		.global	__aeabi_dcmplt
 541              		.section	.text.BME280_CalibrateHum,"ax",%progbits
 542              		.align	1
 543              		.global	BME280_CalibrateHum
 544              		.syntax unified
 545              		.thumb
 546              		.thumb_func
 547              		.fpu fpv4-sp-d16
 549              	BME280_CalibrateHum:
 550              	.LVL81:
 551              	.LFB241:
 205:Core/Src/bme280.c **** 
 206:Core/Src/bme280.c **** double BME280_CalibrateHum(BME280 *dev) {
 552              		.loc 1 206 41 is_stmt 1 view -0
 553              		.cfi_startproc
 554              		@ args = 0, pretend = 0, frame = 8
 555              		@ frame_needed = 0, uses_anonymous_args = 0
 556              		.loc 1 206 41 is_stmt 0 view .LVU99
 557 0000 2DE9F047 		push	{r4, r5, r6, r7, r8, r9, r10, lr}
 558              	.LCFI2:
 559              		.cfi_def_cfa_offset 32
 560              		.cfi_offset 4, -32
 561              		.cfi_offset 5, -28
 562              		.cfi_offset 6, -24
 563              		.cfi_offset 7, -20
 564              		.cfi_offset 8, -16
 565              		.cfi_offset 9, -12
 566              		.cfi_offset 10, -8
 567              		.cfi_offset 14, -4
 568 0004 2DED028B 		vpush.64	{d8}
 569              	.LCFI3:
 570              		.cfi_def_cfa_offset 40
 571              		.cfi_offset 80, -40
 572              		.cfi_offset 81, -36
 573 0008 82B0     		sub	sp, sp, #8
 574              	.LCFI4:
 575              		.cfi_def_cfa_offset 48
 576 000a 8246     		mov	r10, r0
 207:Core/Src/bme280.c **** 	double var_H;
 577              		.loc 1 207 2 is_stmt 1 view .LVU100
 208:Core/Src/bme280.c **** 
 209:Core/Src/bme280.c **** 	var_H = (((double) (dev->t_fine)) - 76800.0);
 578              		.loc 1 209 2 view .LVU101
 579              		.loc 1 209 12 is_stmt 0 view .LVU102
 580 000c 406B     		ldr	r0, [r0, #52]
 581              	.LVL82:
 582              		.loc 1 209 12 view .LVU103
 583 000e FFF7FEFF 		bl	__aeabi_i2d
 584              	.LVL83:
 585              		.loc 1 209 8 view .LVU104
 586 0012 0022     		movs	r2, #0
 587 0014 564B     		ldr	r3, .L16+16
 588 0016 FFF7FEFF 		bl	__aeabi_dsub
 589              	.LVL84:
 590 001a 0446     		mov	r4, r0
 591 001c 0D46     		mov	r5, r1
 592              	.LVL85:
ARM GAS  /tmp/ccejcqfR.s 			page 15


 210:Core/Src/bme280.c **** 	var_H = ((dev->ADC_h) - (((double) (dev->dig_H4)) * 64.0 + ((double) (dev->dig_H5)) / 16384.0 *
 593              		.loc 1 210 2 is_stmt 1 view .LVU105
 594              		.loc 1 210 15 is_stmt 0 view .LVU106
 595 001e BAF83080 		ldrh	r8, [r10, #48]
 596              		.loc 1 210 28 view .LVU107
 597 0022 BAF92200 		ldrsh	r0, [r10, #34]
 598 0026 FFF7FEFF 		bl	__aeabi_i2d
 599              	.LVL86:
 600              		.loc 1 210 52 view .LVU108
 601 002a 0022     		movs	r2, #0
 602 002c 514B     		ldr	r3, .L16+20
 603 002e FFF7FEFF 		bl	__aeabi_dmul
 604              	.LVL87:
 605 0032 0646     		mov	r6, r0
 606 0034 0F46     		mov	r7, r1
 607              		.loc 1 210 62 view .LVU109
 608 0036 BAF92400 		ldrsh	r0, [r10, #36]
 609 003a FFF7FEFF 		bl	__aeabi_i2d
 610              	.LVL88:
 611              		.loc 1 210 86 view .LVU110
 612 003e 0022     		movs	r2, #0
 613 0040 4D4B     		ldr	r3, .L16+24
 614 0042 FFF7FEFF 		bl	__aeabi_dmul
 615              	.LVL89:
 616              		.loc 1 210 96 view .LVU111
 617 0046 2246     		mov	r2, r4
 618 0048 2B46     		mov	r3, r5
 619 004a FFF7FEFF 		bl	__aeabi_dmul
 620              	.LVL90:
 621 004e 0246     		mov	r2, r0
 622 0050 0B46     		mov	r3, r1
 623              		.loc 1 210 59 view .LVU112
 624 0052 3046     		mov	r0, r6
 625 0054 3946     		mov	r1, r7
 626 0056 FFF7FEFF 		bl	__aeabi_dadd
 627              	.LVL91:
 628 005a 0646     		mov	r6, r0
 629 005c 0F46     		mov	r7, r1
 630              		.loc 1 210 24 view .LVU113
 631 005e 4046     		mov	r0, r8
 632 0060 FFF7FEFF 		bl	__aeabi_i2d
 633              	.LVL92:
 634 0064 3246     		mov	r2, r6
 635 0066 3B46     		mov	r3, r7
 636 0068 FFF7FEFF 		bl	__aeabi_dsub
 637              	.LVL93:
 638 006c CDE90001 		strd	r0, [sp]
 211:Core/Src/bme280.c **** 			var_H)) * (((double) (dev->dig_H2)) / 65536.0 * (1.0 + ((double) (dev->dig_H6)) /
 639              		.loc 1 211 16 view .LVU114
 640 0070 BAF91E00 		ldrsh	r0, [r10, #30]
 641 0074 FFF7FEFF 		bl	__aeabi_i2d
 642              	.LVL94:
 643              		.loc 1 211 40 view .LVU115
 644 0078 0022     		movs	r2, #0
 645 007a 404B     		ldr	r3, .L16+28
 646 007c FFF7FEFF 		bl	__aeabi_dmul
 647              	.LVL95:
ARM GAS  /tmp/ccejcqfR.s 			page 16


 648 0080 0646     		mov	r6, r0
 649 0082 0F46     		mov	r7, r1
 650              		.loc 1 211 60 view .LVU116
 651 0084 9AF92600 		ldrsb	r0, [r10, #38]
 652 0088 FFF7FEFF 		bl	__aeabi_i2d
 653              	.LVL96:
 654              		.loc 1 211 84 view .LVU117
 655 008c 0022     		movs	r2, #0
 656 008e 3C4B     		ldr	r3, .L16+32
 657 0090 FFF7FEFF 		bl	__aeabi_dmul
 658              	.LVL97:
 212:Core/Src/bme280.c **** 					67108864.0 * var_H * (1.0 + ((double) (dev->dig_H3)) / 67108864.0 * var_H)));
 659              		.loc 1 212 17 view .LVU118
 660 0094 2246     		mov	r2, r4
 661 0096 2B46     		mov	r3, r5
 662 0098 FFF7FEFF 		bl	__aeabi_dmul
 663              	.LVL98:
 664 009c 8046     		mov	r8, r0
 665 009e 8946     		mov	r9, r1
 666              		.loc 1 212 35 view .LVU119
 667 00a0 9AF82000 		ldrb	r0, [r10, #32]	@ zero_extendqisi2
 668 00a4 FFF7FEFF 		bl	__aeabi_ui2d
 669              	.LVL99:
 670              		.loc 1 212 59 view .LVU120
 671 00a8 0022     		movs	r2, #0
 672 00aa 354B     		ldr	r3, .L16+32
 673 00ac FFF7FEFF 		bl	__aeabi_dmul
 674              	.LVL100:
 675              		.loc 1 212 72 view .LVU121
 676 00b0 2246     		mov	r2, r4
 677 00b2 2B46     		mov	r3, r5
 678 00b4 FFF7FEFF 		bl	__aeabi_dmul
 679              	.LVL101:
 680              		.loc 1 212 32 view .LVU122
 681 00b8 0022     		movs	r2, #0
 682 00ba 324B     		ldr	r3, .L16+36
 683 00bc FFF7FEFF 		bl	__aeabi_dadd
 684              	.LVL102:
 685 00c0 0246     		mov	r2, r0
 686 00c2 0B46     		mov	r3, r1
 687              		.loc 1 212 25 view .LVU123
 688 00c4 4046     		mov	r0, r8
 689 00c6 4946     		mov	r1, r9
 690 00c8 FFF7FEFF 		bl	__aeabi_dmul
 691              	.LVL103:
 211:Core/Src/bme280.c **** 			var_H)) * (((double) (dev->dig_H2)) / 65536.0 * (1.0 + ((double) (dev->dig_H6)) /
 692              		.loc 1 211 57 view .LVU124
 693 00cc 0022     		movs	r2, #0
 694 00ce 2D4B     		ldr	r3, .L16+36
 695 00d0 FFF7FEFF 		bl	__aeabi_dadd
 696              	.LVL104:
 697 00d4 0246     		mov	r2, r0
 698 00d6 0B46     		mov	r3, r1
 211:Core/Src/bme280.c **** 			var_H)) * (((double) (dev->dig_H2)) / 65536.0 * (1.0 + ((double) (dev->dig_H6)) /
 699              		.loc 1 211 50 view .LVU125
 700 00d8 3046     		mov	r0, r6
 701 00da 3946     		mov	r1, r7
ARM GAS  /tmp/ccejcqfR.s 			page 17


 702 00dc FFF7FEFF 		bl	__aeabi_dmul
 703              	.LVL105:
 704 00e0 0246     		mov	r2, r0
 705 00e2 0B46     		mov	r3, r1
 210:Core/Src/bme280.c **** 	var_H = ((dev->ADC_h) - (((double) (dev->dig_H4)) * 64.0 + ((double) (dev->dig_H5)) / 16384.0 *
 706              		.loc 1 210 8 view .LVU126
 707 00e4 DDE90001 		ldrd	r0, [sp]
 708 00e8 FFF7FEFF 		bl	__aeabi_dmul
 709              	.LVL106:
 710 00ec 0446     		mov	r4, r0
 711              	.LVL107:
 210:Core/Src/bme280.c **** 	var_H = ((dev->ADC_h) - (((double) (dev->dig_H4)) * 64.0 + ((double) (dev->dig_H5)) / 16384.0 *
 712              		.loc 1 210 8 view .LVU127
 713 00ee 0D46     		mov	r5, r1
 714              	.LVL108:
 213:Core/Src/bme280.c **** 	var_H = var_H * (1.0 - ((double) (dev->dig_H1)) * var_H / 524288.0);
 715              		.loc 1 213 2 is_stmt 1 view .LVU128
 716              		.loc 1 213 26 is_stmt 0 view .LVU129
 717 00f0 9AF81C00 		ldrb	r0, [r10, #28]	@ zero_extendqisi2
 718 00f4 FFF7FEFF 		bl	__aeabi_ui2d
 719              	.LVL109:
 720              		.loc 1 213 50 view .LVU130
 721 00f8 2246     		mov	r2, r4
 722 00fa 2B46     		mov	r3, r5
 723 00fc FFF7FEFF 		bl	__aeabi_dmul
 724              	.LVL110:
 725              		.loc 1 213 58 view .LVU131
 726 0100 0022     		movs	r2, #0
 727 0102 4FF07B53 		mov	r3, #1052770304
 728 0106 FFF7FEFF 		bl	__aeabi_dmul
 729              	.LVL111:
 730 010a 0246     		mov	r2, r0
 731 010c 0B46     		mov	r3, r1
 732              		.loc 1 213 23 view .LVU132
 733 010e 0020     		movs	r0, #0
 734 0110 1C49     		ldr	r1, .L16+36
 735 0112 FFF7FEFF 		bl	__aeabi_dsub
 736              	.LVL112:
 737              		.loc 1 213 8 view .LVU133
 738 0116 2246     		mov	r2, r4
 739 0118 2B46     		mov	r3, r5
 740 011a FFF7FEFF 		bl	__aeabi_dmul
 741              	.LVL113:
 742 011e 0246     		mov	r2, r0
 743 0120 0B46     		mov	r3, r1
 744 0122 43EC182B 		vmov	d8, r2, r3
 745              	.LVL114:
 214:Core/Src/bme280.c **** 
 215:Core/Src/bme280.c **** 	if (var_H > 100.0) {
 746              		.loc 1 215 2 is_stmt 1 view .LVU134
 747              		.loc 1 215 5 is_stmt 0 view .LVU135
 748 0126 0022     		movs	r2, #0
 749              	.LVL115:
 750              		.loc 1 215 5 view .LVU136
 751 0128 174B     		ldr	r3, .L16+40
 752 012a FFF7FEFF 		bl	__aeabi_dcmpgt
 753              	.LVL116:
ARM GAS  /tmp/ccejcqfR.s 			page 18


 754 012e 48B9     		cbnz	r0, .L13
 216:Core/Src/bme280.c **** 		var_H = 100.0;
 217:Core/Src/bme280.c **** 	} else if (var_H < 0.0) {
 755              		.loc 1 217 9 is_stmt 1 view .LVU137
 756              		.loc 1 217 12 is_stmt 0 view .LVU138
 757 0130 0022     		movs	r2, #0
 758 0132 0023     		movs	r3, #0
 759 0134 51EC180B 		vmov	r0, r1, d8
 760 0138 FFF7FEFF 		bl	__aeabi_dcmplt
 761              	.LVL117:
 762 013c 20B1     		cbz	r0, .L11
 218:Core/Src/bme280.c **** 		var_H = 0.0;
 763              		.loc 1 218 9 view .LVU139
 764 013e 9FED088B 		vldr.64	d8, .L16
 765              	.LVL118:
 219:Core/Src/bme280.c **** 	}
 220:Core/Src/bme280.c **** 
 221:Core/Src/bme280.c **** 	return var_H;
 766              		.loc 1 221 2 is_stmt 1 view .LVU140
 767              		.loc 1 221 9 is_stmt 0 view .LVU141
 768 0142 01E0     		b	.L11
 769              	.LVL119:
 770              	.L13:
 216:Core/Src/bme280.c **** 	} else if (var_H < 0.0) {
 771              		.loc 1 216 9 view .LVU142
 772 0144 9FED088B 		vldr.64	d8, .L16+8
 773              	.LVL120:
 774              	.L11:
 222:Core/Src/bme280.c **** }
 775              		.loc 1 222 1 view .LVU143
 776 0148 B0EE480A 		vmov.f32	s0, s16
 777 014c F0EE680A 		vmov.f32	s1, s17
 778 0150 02B0     		add	sp, sp, #8
 779              	.LCFI5:
 780              		.cfi_def_cfa_offset 40
 781              		@ sp needed
 782 0152 BDEC028B 		vldm	sp!, {d8}
 783              	.LCFI6:
 784              		.cfi_restore 80
 785              		.cfi_restore 81
 786              		.cfi_def_cfa_offset 32
 787 0156 BDE8F087 		pop	{r4, r5, r6, r7, r8, r9, r10, pc}
 788              	.LVL121:
 789              	.L17:
 790              		.loc 1 222 1 view .LVU144
 791 015a 00BFAFF3 		.align	3
 791      0080
 792              	.L16:
 793 0160 00000000 		.word	0
 794 0164 00000000 		.word	0
 795 0168 00000000 		.word	0
 796 016c 00005940 		.word	1079574528
 797 0170 00C0F240 		.word	1089650688
 798 0174 00005040 		.word	1078984704
 799 0178 0000103F 		.word	1058013184
 800 017c 0000F03E 		.word	1055916032
 801 0180 0000503E 		.word	1045430272
ARM GAS  /tmp/ccejcqfR.s 			page 19


 802 0184 0000F03F 		.word	1072693248
 803 0188 00005940 		.word	1079574528
 804              		.cfi_endproc
 805              	.LFE241:
 807              		.section	.text.BME280_ReadRegister,"ax",%progbits
 808              		.align	1
 809              		.global	BME280_ReadRegister
 810              		.syntax unified
 811              		.thumb
 812              		.thumb_func
 813              		.fpu fpv4-sp-d16
 815              	BME280_ReadRegister:
 816              	.LVL122:
 817              	.LFB242:
 223:Core/Src/bme280.c **** 
 224:Core/Src/bme280.c **** /*
 225:Core/Src/bme280.c ****  * LOW LEVEL FUNCTIONS
 226:Core/Src/bme280.c ****  */
 227:Core/Src/bme280.c **** HAL_StatusTypeDef BME280_ReadRegister(BME280 *dev, uint8_t reg, uint8_t *data) {
 818              		.loc 1 227 80 is_stmt 1 view -0
 819              		.cfi_startproc
 820              		@ args = 0, pretend = 0, frame = 0
 821              		@ frame_needed = 0, uses_anonymous_args = 0
 822              		.loc 1 227 80 is_stmt 0 view .LVU146
 823 0000 00B5     		push	{lr}
 824              	.LCFI7:
 825              		.cfi_def_cfa_offset 4
 826              		.cfi_offset 14, -4
 827 0002 85B0     		sub	sp, sp, #20
 828              	.LCFI8:
 829              		.cfi_def_cfa_offset 24
 228:Core/Src/bme280.c **** 	return HAL_I2C_Mem_Read(dev->i2c_handle, BME280_I2C_ADDR, reg, I2C_MEMADD_SIZE_8BIT, data, 1, HAL_
 830              		.loc 1 228 2 is_stmt 1 view .LVU147
 831              		.loc 1 228 9 is_stmt 0 view .LVU148
 832 0004 0068     		ldr	r0, [r0]
 833              	.LVL123:
 834              		.loc 1 228 9 view .LVU149
 835 0006 4FF0FF33 		mov	r3, #-1
 836 000a 0293     		str	r3, [sp, #8]
 837 000c 0123     		movs	r3, #1
 838 000e 0193     		str	r3, [sp, #4]
 839 0010 0092     		str	r2, [sp]
 840 0012 0A46     		mov	r2, r1
 841              	.LVL124:
 842              		.loc 1 228 9 view .LVU150
 843 0014 EC21     		movs	r1, #236
 844              	.LVL125:
 845              		.loc 1 228 9 view .LVU151
 846 0016 FFF7FEFF 		bl	HAL_I2C_Mem_Read
 847              	.LVL126:
 229:Core/Src/bme280.c **** }
 848              		.loc 1 229 1 view .LVU152
 849 001a 05B0     		add	sp, sp, #20
 850              	.LCFI9:
 851              		.cfi_def_cfa_offset 4
 852              		@ sp needed
 853 001c 5DF804FB 		ldr	pc, [sp], #4
ARM GAS  /tmp/ccejcqfR.s 			page 20


 854              		.cfi_endproc
 855              	.LFE242:
 857              		.section	.text.BME280_ReadRegisters,"ax",%progbits
 858              		.align	1
 859              		.global	BME280_ReadRegisters
 860              		.syntax unified
 861              		.thumb
 862              		.thumb_func
 863              		.fpu fpv4-sp-d16
 865              	BME280_ReadRegisters:
 866              	.LVL127:
 867              	.LFB243:
 230:Core/Src/bme280.c **** 
 231:Core/Src/bme280.c **** HAL_StatusTypeDef BME280_ReadRegisters(BME280 *dev, uint8_t reg, uint8_t *data, uint8_t length) {
 868              		.loc 1 231 97 is_stmt 1 view -0
 869              		.cfi_startproc
 870              		@ args = 0, pretend = 0, frame = 0
 871              		@ frame_needed = 0, uses_anonymous_args = 0
 872              		.loc 1 231 97 is_stmt 0 view .LVU154
 873 0000 10B5     		push	{r4, lr}
 874              	.LCFI10:
 875              		.cfi_def_cfa_offset 8
 876              		.cfi_offset 4, -8
 877              		.cfi_offset 14, -4
 878 0002 84B0     		sub	sp, sp, #16
 879              	.LCFI11:
 880              		.cfi_def_cfa_offset 24
 232:Core/Src/bme280.c **** 	return HAL_I2C_Mem_Read(dev->i2c_handle, BME280_I2C_ADDR, reg, I2C_MEMADD_SIZE_8BIT, data, length,
 881              		.loc 1 232 2 is_stmt 1 view .LVU155
 882              		.loc 1 232 9 is_stmt 0 view .LVU156
 883 0004 0068     		ldr	r0, [r0]
 884              	.LVL128:
 885              		.loc 1 232 9 view .LVU157
 886 0006 4FF0FF34 		mov	r4, #-1
 887 000a 0294     		str	r4, [sp, #8]
 888 000c 0193     		str	r3, [sp, #4]
 889 000e 0092     		str	r2, [sp]
 890 0010 0123     		movs	r3, #1
 891              	.LVL129:
 892              		.loc 1 232 9 view .LVU158
 893 0012 0A46     		mov	r2, r1
 894              	.LVL130:
 895              		.loc 1 232 9 view .LVU159
 896 0014 EC21     		movs	r1, #236
 897              	.LVL131:
 898              		.loc 1 232 9 view .LVU160
 899 0016 FFF7FEFF 		bl	HAL_I2C_Mem_Read
 900              	.LVL132:
 233:Core/Src/bme280.c **** }
 901              		.loc 1 233 1 view .LVU161
 902 001a 04B0     		add	sp, sp, #16
 903              	.LCFI12:
 904              		.cfi_def_cfa_offset 8
 905              		@ sp needed
 906 001c 10BD     		pop	{r4, pc}
 907              		.cfi_endproc
 908              	.LFE243:
ARM GAS  /tmp/ccejcqfR.s 			page 21


 910              		.section	.text.BME280_ReadCalibrationData,"ax",%progbits
 911              		.align	1
 912              		.global	BME280_ReadCalibrationData
 913              		.syntax unified
 914              		.thumb
 915              		.thumb_func
 916              		.fpu fpv4-sp-d16
 918              	BME280_ReadCalibrationData:
 919              	.LVL133:
 920              	.LFB235:
  13:Core/Src/bme280.c **** 
 921              		.loc 1 13 49 is_stmt 1 view -0
 922              		.cfi_startproc
 923              		@ args = 0, pretend = 0, frame = 32
 924              		@ frame_needed = 0, uses_anonymous_args = 0
  13:Core/Src/bme280.c **** 
 925              		.loc 1 13 49 is_stmt 0 view .LVU163
 926 0000 30B5     		push	{r4, r5, lr}
 927              	.LCFI13:
 928              		.cfi_def_cfa_offset 12
 929              		.cfi_offset 4, -12
 930              		.cfi_offset 5, -8
 931              		.cfi_offset 14, -4
 932 0002 89B0     		sub	sp, sp, #36
 933              	.LCFI14:
 934              		.cfi_def_cfa_offset 48
 935 0004 0446     		mov	r4, r0
  16:Core/Src/bme280.c **** 
 936              		.loc 1 16 2 is_stmt 1 view .LVU164
  16:Core/Src/bme280.c **** 
 937              		.loc 1 16 10 is_stmt 0 view .LVU165
 938 0006 0023     		movs	r3, #0
 939 0008 0093     		str	r3, [sp]
 940 000a 0193     		str	r3, [sp, #4]
 941 000c 0293     		str	r3, [sp, #8]
 942 000e 0393     		str	r3, [sp, #12]
 943 0010 0493     		str	r3, [sp, #16]
 944 0012 0593     		str	r3, [sp, #20]
 945 0014 0693     		str	r3, [sp, #24]
 946 0016 0793     		str	r3, [sp, #28]
  18:Core/Src/bme280.c **** 	HAL_StatusTypeDef status;
 947              		.loc 1 18 2 is_stmt 1 view .LVU166
 948              	.LVL134:
  19:Core/Src/bme280.c **** 
 949              		.loc 1 19 2 view .LVU167
  22:Core/Src/bme280.c **** 	errNum += (status != HAL_OK);
 950              		.loc 1 22 2 view .LVU168
  22:Core/Src/bme280.c **** 	errNum += (status != HAL_OK);
 951              		.loc 1 22 11 is_stmt 0 view .LVU169
 952 0018 1923     		movs	r3, #25
 953 001a 6A46     		mov	r2, sp
 954 001c 8821     		movs	r1, #136
 955 001e FFF7FEFF 		bl	BME280_ReadRegisters
 956              	.LVL135:
  23:Core/Src/bme280.c **** 
 957              		.loc 1 23 2 is_stmt 1 view .LVU170
  23:Core/Src/bme280.c **** 
ARM GAS  /tmp/ccejcqfR.s 			page 22


 958              		.loc 1 23 20 is_stmt 0 view .LVU171
 959 0022 051E     		subs	r5, r0, #0
 960 0024 18BF     		it	ne
 961 0026 0125     		movne	r5, #1
 962              	.LVL136:
  26:Core/Src/bme280.c **** 	errNum += (status != HAL_OK);
 963              		.loc 1 26 2 is_stmt 1 view .LVU172
  26:Core/Src/bme280.c **** 	errNum += (status != HAL_OK);
 964              		.loc 1 26 11 is_stmt 0 view .LVU173
 965 0028 0723     		movs	r3, #7
 966 002a 0DF11902 		add	r2, sp, #25
 967 002e E121     		movs	r1, #225
 968 0030 2046     		mov	r0, r4
 969              	.LVL137:
  26:Core/Src/bme280.c **** 	errNum += (status != HAL_OK);
 970              		.loc 1 26 11 view .LVU174
 971 0032 FFF7FEFF 		bl	BME280_ReadRegisters
 972              	.LVL138:
  27:Core/Src/bme280.c **** 
 973              		.loc 1 27 2 is_stmt 1 view .LVU175
  29:Core/Src/bme280.c **** 	dev->dig_T2 = ((CalibrationData[3] << 8) | CalibrationData[2]);
 974              		.loc 1 29 2 view .LVU176
  29:Core/Src/bme280.c **** 	dev->dig_T2 = ((CalibrationData[3] << 8) | CalibrationData[2]);
 975              		.loc 1 29 33 is_stmt 0 view .LVU177
 976 0036 9DF80120 		ldrb	r2, [sp, #1]	@ zero_extendqisi2
  29:Core/Src/bme280.c **** 	dev->dig_T2 = ((CalibrationData[3] << 8) | CalibrationData[2]);
 977              		.loc 1 29 60 view .LVU178
 978 003a 9DF80030 		ldrb	r3, [sp]	@ zero_extendqisi2
  29:Core/Src/bme280.c **** 	dev->dig_T2 = ((CalibrationData[3] << 8) | CalibrationData[2]);
 979              		.loc 1 29 43 view .LVU179
 980 003e 43EA0223 		orr	r3, r3, r2, lsl #8
  29:Core/Src/bme280.c **** 	dev->dig_T2 = ((CalibrationData[3] << 8) | CalibrationData[2]);
 981              		.loc 1 29 14 view .LVU180
 982 0042 A380     		strh	r3, [r4, #4]	@ movhi
  30:Core/Src/bme280.c **** 	dev->dig_T3 = ((CalibrationData[5] << 8) | CalibrationData[4]);
 983              		.loc 1 30 2 is_stmt 1 view .LVU181
  30:Core/Src/bme280.c **** 	dev->dig_T3 = ((CalibrationData[5] << 8) | CalibrationData[4]);
 984              		.loc 1 30 33 is_stmt 0 view .LVU182
 985 0044 9DF80320 		ldrb	r2, [sp, #3]	@ zero_extendqisi2
  30:Core/Src/bme280.c **** 	dev->dig_T3 = ((CalibrationData[5] << 8) | CalibrationData[4]);
 986              		.loc 1 30 60 view .LVU183
 987 0048 9DF80230 		ldrb	r3, [sp, #2]	@ zero_extendqisi2
  30:Core/Src/bme280.c **** 	dev->dig_T3 = ((CalibrationData[5] << 8) | CalibrationData[4]);
 988              		.loc 1 30 43 view .LVU184
 989 004c 43EA0223 		orr	r3, r3, r2, lsl #8
  30:Core/Src/bme280.c **** 	dev->dig_T3 = ((CalibrationData[5] << 8) | CalibrationData[4]);
 990              		.loc 1 30 14 view .LVU185
 991 0050 E380     		strh	r3, [r4, #6]	@ movhi
  31:Core/Src/bme280.c **** 
 992              		.loc 1 31 2 is_stmt 1 view .LVU186
  31:Core/Src/bme280.c **** 
 993              		.loc 1 31 33 is_stmt 0 view .LVU187
 994 0052 9DF80520 		ldrb	r2, [sp, #5]	@ zero_extendqisi2
  31:Core/Src/bme280.c **** 
 995              		.loc 1 31 60 view .LVU188
 996 0056 9DF80430 		ldrb	r3, [sp, #4]	@ zero_extendqisi2
  31:Core/Src/bme280.c **** 
ARM GAS  /tmp/ccejcqfR.s 			page 23


 997              		.loc 1 31 43 view .LVU189
 998 005a 43EA0223 		orr	r3, r3, r2, lsl #8
  31:Core/Src/bme280.c **** 
 999              		.loc 1 31 14 view .LVU190
 1000 005e 2381     		strh	r3, [r4, #8]	@ movhi
  33:Core/Src/bme280.c **** 	dev->dig_P2 = ((CalibrationData[9] << 8) | CalibrationData[8]);
 1001              		.loc 1 33 2 is_stmt 1 view .LVU191
  33:Core/Src/bme280.c **** 	dev->dig_P2 = ((CalibrationData[9] << 8) | CalibrationData[8]);
 1002              		.loc 1 33 33 is_stmt 0 view .LVU192
 1003 0060 9DF80720 		ldrb	r2, [sp, #7]	@ zero_extendqisi2
  33:Core/Src/bme280.c **** 	dev->dig_P2 = ((CalibrationData[9] << 8) | CalibrationData[8]);
 1004              		.loc 1 33 60 view .LVU193
 1005 0064 9DF80630 		ldrb	r3, [sp, #6]	@ zero_extendqisi2
  33:Core/Src/bme280.c **** 	dev->dig_P2 = ((CalibrationData[9] << 8) | CalibrationData[8]);
 1006              		.loc 1 33 43 view .LVU194
 1007 0068 43EA0223 		orr	r3, r3, r2, lsl #8
  33:Core/Src/bme280.c **** 	dev->dig_P2 = ((CalibrationData[9] << 8) | CalibrationData[8]);
 1008              		.loc 1 33 14 view .LVU195
 1009 006c 6381     		strh	r3, [r4, #10]	@ movhi
  34:Core/Src/bme280.c **** 	dev->dig_P3 = ((CalibrationData[11] << 8) | CalibrationData[10]);
 1010              		.loc 1 34 2 is_stmt 1 view .LVU196
  34:Core/Src/bme280.c **** 	dev->dig_P3 = ((CalibrationData[11] << 8) | CalibrationData[10]);
 1011              		.loc 1 34 33 is_stmt 0 view .LVU197
 1012 006e 9DF80920 		ldrb	r2, [sp, #9]	@ zero_extendqisi2
  34:Core/Src/bme280.c **** 	dev->dig_P3 = ((CalibrationData[11] << 8) | CalibrationData[10]);
 1013              		.loc 1 34 60 view .LVU198
 1014 0072 9DF80830 		ldrb	r3, [sp, #8]	@ zero_extendqisi2
  34:Core/Src/bme280.c **** 	dev->dig_P3 = ((CalibrationData[11] << 8) | CalibrationData[10]);
 1015              		.loc 1 34 43 view .LVU199
 1016 0076 43EA0223 		orr	r3, r3, r2, lsl #8
  34:Core/Src/bme280.c **** 	dev->dig_P3 = ((CalibrationData[11] << 8) | CalibrationData[10]);
 1017              		.loc 1 34 14 view .LVU200
 1018 007a A381     		strh	r3, [r4, #12]	@ movhi
  35:Core/Src/bme280.c **** 	dev->dig_P4 = ((CalibrationData[13] << 8) | CalibrationData[12]);
 1019              		.loc 1 35 2 is_stmt 1 view .LVU201
  35:Core/Src/bme280.c **** 	dev->dig_P4 = ((CalibrationData[13] << 8) | CalibrationData[12]);
 1020              		.loc 1 35 33 is_stmt 0 view .LVU202
 1021 007c 9DF80B20 		ldrb	r2, [sp, #11]	@ zero_extendqisi2
  35:Core/Src/bme280.c **** 	dev->dig_P4 = ((CalibrationData[13] << 8) | CalibrationData[12]);
 1022              		.loc 1 35 61 view .LVU203
 1023 0080 9DF80A30 		ldrb	r3, [sp, #10]	@ zero_extendqisi2
  35:Core/Src/bme280.c **** 	dev->dig_P4 = ((CalibrationData[13] << 8) | CalibrationData[12]);
 1024              		.loc 1 35 44 view .LVU204
 1025 0084 43EA0223 		orr	r3, r3, r2, lsl #8
  35:Core/Src/bme280.c **** 	dev->dig_P4 = ((CalibrationData[13] << 8) | CalibrationData[12]);
 1026              		.loc 1 35 14 view .LVU205
 1027 0088 E381     		strh	r3, [r4, #14]	@ movhi
  36:Core/Src/bme280.c **** 	dev->dig_P5 = ((CalibrationData[15] << 8) | CalibrationData[14]);
 1028              		.loc 1 36 2 is_stmt 1 view .LVU206
  36:Core/Src/bme280.c **** 	dev->dig_P5 = ((CalibrationData[15] << 8) | CalibrationData[14]);
 1029              		.loc 1 36 33 is_stmt 0 view .LVU207
 1030 008a 9DF80D20 		ldrb	r2, [sp, #13]	@ zero_extendqisi2
  36:Core/Src/bme280.c **** 	dev->dig_P5 = ((CalibrationData[15] << 8) | CalibrationData[14]);
 1031              		.loc 1 36 61 view .LVU208
 1032 008e 9DF80C30 		ldrb	r3, [sp, #12]	@ zero_extendqisi2
  36:Core/Src/bme280.c **** 	dev->dig_P5 = ((CalibrationData[15] << 8) | CalibrationData[14]);
 1033              		.loc 1 36 44 view .LVU209
ARM GAS  /tmp/ccejcqfR.s 			page 24


 1034 0092 43EA0223 		orr	r3, r3, r2, lsl #8
  36:Core/Src/bme280.c **** 	dev->dig_P5 = ((CalibrationData[15] << 8) | CalibrationData[14]);
 1035              		.loc 1 36 14 view .LVU210
 1036 0096 2382     		strh	r3, [r4, #16]	@ movhi
  37:Core/Src/bme280.c **** 	dev->dig_P6 = ((CalibrationData[17] << 8) | CalibrationData[16]);
 1037              		.loc 1 37 2 is_stmt 1 view .LVU211
  37:Core/Src/bme280.c **** 	dev->dig_P6 = ((CalibrationData[17] << 8) | CalibrationData[16]);
 1038              		.loc 1 37 33 is_stmt 0 view .LVU212
 1039 0098 9DF80F20 		ldrb	r2, [sp, #15]	@ zero_extendqisi2
  37:Core/Src/bme280.c **** 	dev->dig_P6 = ((CalibrationData[17] << 8) | CalibrationData[16]);
 1040              		.loc 1 37 61 view .LVU213
 1041 009c 9DF80E30 		ldrb	r3, [sp, #14]	@ zero_extendqisi2
  37:Core/Src/bme280.c **** 	dev->dig_P6 = ((CalibrationData[17] << 8) | CalibrationData[16]);
 1042              		.loc 1 37 44 view .LVU214
 1043 00a0 43EA0223 		orr	r3, r3, r2, lsl #8
  37:Core/Src/bme280.c **** 	dev->dig_P6 = ((CalibrationData[17] << 8) | CalibrationData[16]);
 1044              		.loc 1 37 14 view .LVU215
 1045 00a4 6382     		strh	r3, [r4, #18]	@ movhi
  38:Core/Src/bme280.c **** 	dev->dig_P7 = ((CalibrationData[19] << 8) | CalibrationData[18]);
 1046              		.loc 1 38 2 is_stmt 1 view .LVU216
  38:Core/Src/bme280.c **** 	dev->dig_P7 = ((CalibrationData[19] << 8) | CalibrationData[18]);
 1047              		.loc 1 38 33 is_stmt 0 view .LVU217
 1048 00a6 9DF81120 		ldrb	r2, [sp, #17]	@ zero_extendqisi2
  38:Core/Src/bme280.c **** 	dev->dig_P7 = ((CalibrationData[19] << 8) | CalibrationData[18]);
 1049              		.loc 1 38 61 view .LVU218
 1050 00aa 9DF81030 		ldrb	r3, [sp, #16]	@ zero_extendqisi2
  38:Core/Src/bme280.c **** 	dev->dig_P7 = ((CalibrationData[19] << 8) | CalibrationData[18]);
 1051              		.loc 1 38 44 view .LVU219
 1052 00ae 43EA0223 		orr	r3, r3, r2, lsl #8
  38:Core/Src/bme280.c **** 	dev->dig_P7 = ((CalibrationData[19] << 8) | CalibrationData[18]);
 1053              		.loc 1 38 14 view .LVU220
 1054 00b2 A382     		strh	r3, [r4, #20]	@ movhi
  39:Core/Src/bme280.c **** 	dev->dig_P8 = ((CalibrationData[21] << 8) | CalibrationData[20]);
 1055              		.loc 1 39 2 is_stmt 1 view .LVU221
  39:Core/Src/bme280.c **** 	dev->dig_P8 = ((CalibrationData[21] << 8) | CalibrationData[20]);
 1056              		.loc 1 39 33 is_stmt 0 view .LVU222
 1057 00b4 9DF81320 		ldrb	r2, [sp, #19]	@ zero_extendqisi2
  39:Core/Src/bme280.c **** 	dev->dig_P8 = ((CalibrationData[21] << 8) | CalibrationData[20]);
 1058              		.loc 1 39 61 view .LVU223
 1059 00b8 9DF81230 		ldrb	r3, [sp, #18]	@ zero_extendqisi2
  39:Core/Src/bme280.c **** 	dev->dig_P8 = ((CalibrationData[21] << 8) | CalibrationData[20]);
 1060              		.loc 1 39 44 view .LVU224
 1061 00bc 43EA0223 		orr	r3, r3, r2, lsl #8
  39:Core/Src/bme280.c **** 	dev->dig_P8 = ((CalibrationData[21] << 8) | CalibrationData[20]);
 1062              		.loc 1 39 14 view .LVU225
 1063 00c0 E382     		strh	r3, [r4, #22]	@ movhi
  40:Core/Src/bme280.c **** 	dev->dig_P9 = ((CalibrationData[23] << 8) | CalibrationData[22]);
 1064              		.loc 1 40 2 is_stmt 1 view .LVU226
  40:Core/Src/bme280.c **** 	dev->dig_P9 = ((CalibrationData[23] << 8) | CalibrationData[22]);
 1065              		.loc 1 40 33 is_stmt 0 view .LVU227
 1066 00c2 9DF81520 		ldrb	r2, [sp, #21]	@ zero_extendqisi2
  40:Core/Src/bme280.c **** 	dev->dig_P9 = ((CalibrationData[23] << 8) | CalibrationData[22]);
 1067              		.loc 1 40 61 view .LVU228
 1068 00c6 9DF81430 		ldrb	r3, [sp, #20]	@ zero_extendqisi2
  40:Core/Src/bme280.c **** 	dev->dig_P9 = ((CalibrationData[23] << 8) | CalibrationData[22]);
 1069              		.loc 1 40 44 view .LVU229
 1070 00ca 43EA0223 		orr	r3, r3, r2, lsl #8
ARM GAS  /tmp/ccejcqfR.s 			page 25


  40:Core/Src/bme280.c **** 	dev->dig_P9 = ((CalibrationData[23] << 8) | CalibrationData[22]);
 1071              		.loc 1 40 14 view .LVU230
 1072 00ce 2383     		strh	r3, [r4, #24]	@ movhi
  41:Core/Src/bme280.c **** 
 1073              		.loc 1 41 2 is_stmt 1 view .LVU231
  41:Core/Src/bme280.c **** 
 1074              		.loc 1 41 33 is_stmt 0 view .LVU232
 1075 00d0 9DF81720 		ldrb	r2, [sp, #23]	@ zero_extendqisi2
  41:Core/Src/bme280.c **** 
 1076              		.loc 1 41 61 view .LVU233
 1077 00d4 9DF81630 		ldrb	r3, [sp, #22]	@ zero_extendqisi2
  41:Core/Src/bme280.c **** 
 1078              		.loc 1 41 44 view .LVU234
 1079 00d8 43EA0223 		orr	r3, r3, r2, lsl #8
  41:Core/Src/bme280.c **** 
 1080              		.loc 1 41 14 view .LVU235
 1081 00dc 6383     		strh	r3, [r4, #26]	@ movhi
  43:Core/Src/bme280.c **** 	dev->dig_H2 = ((CalibrationData[26] << 8) | CalibrationData[25]);
 1082              		.loc 1 43 2 is_stmt 1 view .LVU236
  43:Core/Src/bme280.c **** 	dev->dig_H2 = ((CalibrationData[26] << 8) | CalibrationData[25]);
 1083              		.loc 1 43 31 is_stmt 0 view .LVU237
 1084 00de 9DF81830 		ldrb	r3, [sp, #24]	@ zero_extendqisi2
  43:Core/Src/bme280.c **** 	dev->dig_H2 = ((CalibrationData[26] << 8) | CalibrationData[25]);
 1085              		.loc 1 43 14 view .LVU238
 1086 00e2 2377     		strb	r3, [r4, #28]
  44:Core/Src/bme280.c **** 	dev->dig_H3 = CalibrationData[27];
 1087              		.loc 1 44 2 is_stmt 1 view .LVU239
  44:Core/Src/bme280.c **** 	dev->dig_H3 = CalibrationData[27];
 1088              		.loc 1 44 33 is_stmt 0 view .LVU240
 1089 00e4 9DF81A20 		ldrb	r2, [sp, #26]	@ zero_extendqisi2
  44:Core/Src/bme280.c **** 	dev->dig_H3 = CalibrationData[27];
 1090              		.loc 1 44 61 view .LVU241
 1091 00e8 9DF81930 		ldrb	r3, [sp, #25]	@ zero_extendqisi2
  44:Core/Src/bme280.c **** 	dev->dig_H3 = CalibrationData[27];
 1092              		.loc 1 44 44 view .LVU242
 1093 00ec 43EA0223 		orr	r3, r3, r2, lsl #8
  44:Core/Src/bme280.c **** 	dev->dig_H3 = CalibrationData[27];
 1094              		.loc 1 44 14 view .LVU243
 1095 00f0 E383     		strh	r3, [r4, #30]	@ movhi
  45:Core/Src/bme280.c **** 	dev->dig_H4 = ((CalibrationData[28] << 4) | (CalibrationData[29] & 0x0F));
 1096              		.loc 1 45 2 is_stmt 1 view .LVU244
  45:Core/Src/bme280.c **** 	dev->dig_H4 = ((CalibrationData[28] << 4) | (CalibrationData[29] & 0x0F));
 1097              		.loc 1 45 31 is_stmt 0 view .LVU245
 1098 00f2 9DF81B30 		ldrb	r3, [sp, #27]	@ zero_extendqisi2
  45:Core/Src/bme280.c **** 	dev->dig_H4 = ((CalibrationData[28] << 4) | (CalibrationData[29] & 0x0F));
 1099              		.loc 1 45 14 view .LVU246
 1100 00f6 84F82030 		strb	r3, [r4, #32]
  46:Core/Src/bme280.c **** 	dev->dig_H5 = (((CalibrationData[29] & 0xF0) >> 4) | (CalibrationData[30] << 4));
 1101              		.loc 1 46 2 is_stmt 1 view .LVU247
  46:Core/Src/bme280.c **** 	dev->dig_H5 = (((CalibrationData[29] & 0xF0) >> 4) | (CalibrationData[30] << 4));
 1102              		.loc 1 46 33 is_stmt 0 view .LVU248
 1103 00fa 9DF81C30 		ldrb	r3, [sp, #28]	@ zero_extendqisi2
  46:Core/Src/bme280.c **** 	dev->dig_H5 = (((CalibrationData[29] & 0xF0) >> 4) | (CalibrationData[30] << 4));
 1104              		.loc 1 46 62 view .LVU249
 1105 00fe 9DF81D10 		ldrb	r1, [sp, #29]	@ zero_extendqisi2
  46:Core/Src/bme280.c **** 	dev->dig_H5 = (((CalibrationData[29] & 0xF0) >> 4) | (CalibrationData[30] << 4));
 1106              		.loc 1 46 67 view .LVU250
ARM GAS  /tmp/ccejcqfR.s 			page 26


 1107 0102 01F00F02 		and	r2, r1, #15
  46:Core/Src/bme280.c **** 	dev->dig_H5 = (((CalibrationData[29] & 0xF0) >> 4) | (CalibrationData[30] << 4));
 1108              		.loc 1 46 44 view .LVU251
 1109 0106 42EA0312 		orr	r2, r2, r3, lsl #4
  46:Core/Src/bme280.c **** 	dev->dig_H5 = (((CalibrationData[29] & 0xF0) >> 4) | (CalibrationData[30] << 4));
 1110              		.loc 1 46 14 view .LVU252
 1111 010a 6284     		strh	r2, [r4, #34]	@ movhi
  47:Core/Src/bme280.c **** 	dev->dig_H6 = CalibrationData[31];
 1112              		.loc 1 47 2 is_stmt 1 view .LVU253
  47:Core/Src/bme280.c **** 	dev->dig_H6 = CalibrationData[31];
 1113              		.loc 1 47 71 is_stmt 0 view .LVU254
 1114 010c 9DF81E30 		ldrb	r3, [sp, #30]	@ zero_extendqisi2
  47:Core/Src/bme280.c **** 	dev->dig_H6 = CalibrationData[31];
 1115              		.loc 1 47 76 view .LVU255
 1116 0110 1B01     		lsls	r3, r3, #4
  47:Core/Src/bme280.c **** 	dev->dig_H6 = CalibrationData[31];
 1117              		.loc 1 47 53 view .LVU256
 1118 0112 43EA1113 		orr	r3, r3, r1, lsr #4
  47:Core/Src/bme280.c **** 	dev->dig_H6 = CalibrationData[31];
 1119              		.loc 1 47 14 view .LVU257
 1120 0116 A384     		strh	r3, [r4, #36]	@ movhi
  48:Core/Src/bme280.c **** 
 1121              		.loc 1 48 2 is_stmt 1 view .LVU258
  48:Core/Src/bme280.c **** 
 1122              		.loc 1 48 31 is_stmt 0 view .LVU259
 1123 0118 9DF91F30 		ldrsb	r3, [sp, #31]
  48:Core/Src/bme280.c **** 
 1124              		.loc 1 48 14 view .LVU260
 1125 011c 84F82630 		strb	r3, [r4, #38]
  50:Core/Src/bme280.c **** }
 1126              		.loc 1 50 2 is_stmt 1 view .LVU261
  51:Core/Src/bme280.c **** 
 1127              		.loc 1 51 1 is_stmt 0 view .LVU262
 1128 0120 0028     		cmp	r0, #0
 1129 0122 0CBF     		ite	eq
 1130 0124 2846     		moveq	r0, r5
 1131 0126 681C     		addne	r0, r5, #1
 1132              	.LVL139:
  51:Core/Src/bme280.c **** 
 1133              		.loc 1 51 1 view .LVU263
 1134 0128 09B0     		add	sp, sp, #36
 1135              	.LCFI15:
 1136              		.cfi_def_cfa_offset 12
 1137              		@ sp needed
 1138 012a 30BD     		pop	{r4, r5, pc}
  51:Core/Src/bme280.c **** 
 1139              		.loc 1 51 1 view .LVU264
 1140              		.cfi_endproc
 1141              	.LFE235:
 1143              		.section	.text.BME280_ReadData,"ax",%progbits
 1144              		.align	1
 1145              		.global	BME280_ReadData
 1146              		.syntax unified
 1147              		.thumb
 1148              		.thumb_func
 1149              		.fpu fpv4-sp-d16
 1151              	BME280_ReadData:
ARM GAS  /tmp/ccejcqfR.s 			page 27


 1152              	.LVL140:
 1153              	.LFB238:
 149:Core/Src/bme280.c **** 
 1154              		.loc 1 149 48 is_stmt 1 view -0
 1155              		.cfi_startproc
 1156              		@ args = 0, pretend = 0, frame = 8
 1157              		@ frame_needed = 0, uses_anonymous_args = 0
 149:Core/Src/bme280.c **** 
 1158              		.loc 1 149 48 is_stmt 0 view .LVU266
 1159 0000 30B5     		push	{r4, r5, lr}
 1160              	.LCFI16:
 1161              		.cfi_def_cfa_offset 12
 1162              		.cfi_offset 4, -12
 1163              		.cfi_offset 5, -8
 1164              		.cfi_offset 14, -4
 1165 0002 83B0     		sub	sp, sp, #12
 1166              	.LCFI17:
 1167              		.cfi_def_cfa_offset 24
 1168 0004 0446     		mov	r4, r0
 151:Core/Src/bme280.c **** 	HAL_StatusTypeDef status;
 1169              		.loc 1 151 2 is_stmt 1 view .LVU267
 151:Core/Src/bme280.c **** 	HAL_StatusTypeDef status;
 1170              		.loc 1 151 10 is_stmt 0 view .LVU268
 1171 0006 0023     		movs	r3, #0
 1172 0008 0093     		str	r3, [sp]
 1173 000a 0193     		str	r3, [sp, #4]
 152:Core/Src/bme280.c **** 
 1174              		.loc 1 152 2 is_stmt 1 view .LVU269
 154:Core/Src/bme280.c **** 
 1175              		.loc 1 154 2 view .LVU270
 154:Core/Src/bme280.c **** 
 1176              		.loc 1 154 11 is_stmt 0 view .LVU271
 1177 000c 0823     		movs	r3, #8
 1178 000e 6A46     		mov	r2, sp
 1179 0010 F721     		movs	r1, #247
 1180 0012 FFF7FEFF 		bl	BME280_ReadRegisters
 1181              	.LVL141:
 154:Core/Src/bme280.c **** 
 1182              		.loc 1 154 11 view .LVU272
 1183 0016 0546     		mov	r5, r0
 1184              	.LVL142:
 156:Core/Src/bme280.c **** 	dev->ADC_t = ((ADC_data[3] << 12) | (ADC_data[4] << 4) | (ADC_data[5] >> 4));
 1185              		.loc 1 156 2 is_stmt 1 view .LVU273
 156:Core/Src/bme280.c **** 	dev->ADC_t = ((ADC_data[3] << 12) | (ADC_data[4] << 4) | (ADC_data[5] >> 4));
 1186              		.loc 1 156 25 is_stmt 0 view .LVU274
 1187 0018 9DF80020 		ldrb	r2, [sp]	@ zero_extendqisi2
 156:Core/Src/bme280.c **** 	dev->ADC_t = ((ADC_data[3] << 12) | (ADC_data[4] << 4) | (ADC_data[5] >> 4));
 1188              		.loc 1 156 47 view .LVU275
 1189 001c 9DF80130 		ldrb	r3, [sp, #1]	@ zero_extendqisi2
 156:Core/Src/bme280.c **** 	dev->ADC_t = ((ADC_data[3] << 12) | (ADC_data[4] << 4) | (ADC_data[5] >> 4));
 1190              		.loc 1 156 51 view .LVU276
 1191 0020 1B01     		lsls	r3, r3, #4
 156:Core/Src/bme280.c **** 	dev->ADC_t = ((ADC_data[3] << 12) | (ADC_data[4] << 4) | (ADC_data[5] >> 4));
 1192              		.loc 1 156 36 view .LVU277
 1193 0022 43EA0233 		orr	r3, r3, r2, lsl #12
 156:Core/Src/bme280.c **** 	dev->ADC_t = ((ADC_data[3] << 12) | (ADC_data[4] << 4) | (ADC_data[5] >> 4));
 1194              		.loc 1 156 68 view .LVU278
ARM GAS  /tmp/ccejcqfR.s 			page 28


 1195 0026 9DF80220 		ldrb	r2, [sp, #2]	@ zero_extendqisi2
 156:Core/Src/bme280.c **** 	dev->ADC_t = ((ADC_data[3] << 12) | (ADC_data[4] << 4) | (ADC_data[5] >> 4));
 1196              		.loc 1 156 57 view .LVU279
 1197 002a 43EA1213 		orr	r3, r3, r2, lsr #4
 156:Core/Src/bme280.c **** 	dev->ADC_t = ((ADC_data[3] << 12) | (ADC_data[4] << 4) | (ADC_data[5] >> 4));
 1198              		.loc 1 156 13 view .LVU280
 1199 002e E362     		str	r3, [r4, #44]
 157:Core/Src/bme280.c **** 	dev->ADC_h = ((ADC_data[6] << 8) | ADC_data[7]);
 1200              		.loc 1 157 2 is_stmt 1 view .LVU281
 157:Core/Src/bme280.c **** 	dev->ADC_h = ((ADC_data[6] << 8) | ADC_data[7]);
 1201              		.loc 1 157 25 is_stmt 0 view .LVU282
 1202 0030 9DF80320 		ldrb	r2, [sp, #3]	@ zero_extendqisi2
 157:Core/Src/bme280.c **** 	dev->ADC_h = ((ADC_data[6] << 8) | ADC_data[7]);
 1203              		.loc 1 157 47 view .LVU283
 1204 0034 9DF80430 		ldrb	r3, [sp, #4]	@ zero_extendqisi2
 157:Core/Src/bme280.c **** 	dev->ADC_h = ((ADC_data[6] << 8) | ADC_data[7]);
 1205              		.loc 1 157 51 view .LVU284
 1206 0038 1B01     		lsls	r3, r3, #4
 157:Core/Src/bme280.c **** 	dev->ADC_h = ((ADC_data[6] << 8) | ADC_data[7]);
 1207              		.loc 1 157 36 view .LVU285
 1208 003a 43EA0233 		orr	r3, r3, r2, lsl #12
 157:Core/Src/bme280.c **** 	dev->ADC_h = ((ADC_data[6] << 8) | ADC_data[7]);
 1209              		.loc 1 157 68 view .LVU286
 1210 003e 9DF80520 		ldrb	r2, [sp, #5]	@ zero_extendqisi2
 157:Core/Src/bme280.c **** 	dev->ADC_h = ((ADC_data[6] << 8) | ADC_data[7]);
 1211              		.loc 1 157 57 view .LVU287
 1212 0042 43EA1213 		orr	r3, r3, r2, lsr #4
 157:Core/Src/bme280.c **** 	dev->ADC_h = ((ADC_data[6] << 8) | ADC_data[7]);
 1213              		.loc 1 157 13 view .LVU288
 1214 0046 A362     		str	r3, [r4, #40]
 158:Core/Src/bme280.c **** 
 1215              		.loc 1 158 2 is_stmt 1 view .LVU289
 158:Core/Src/bme280.c **** 
 1216              		.loc 1 158 25 is_stmt 0 view .LVU290
 1217 0048 9DF80620 		ldrb	r2, [sp, #6]	@ zero_extendqisi2
 158:Core/Src/bme280.c **** 
 1218              		.loc 1 158 45 view .LVU291
 1219 004c 9DF80730 		ldrb	r3, [sp, #7]	@ zero_extendqisi2
 158:Core/Src/bme280.c **** 
 1220              		.loc 1 158 35 view .LVU292
 1221 0050 43EA0223 		orr	r3, r3, r2, lsl #8
 158:Core/Src/bme280.c **** 
 1222              		.loc 1 158 13 view .LVU293
 1223 0054 2386     		strh	r3, [r4, #48]	@ movhi
 160:Core/Src/bme280.c **** 	dev->press = BME280_CalibratePress(dev);
 1224              		.loc 1 160 2 is_stmt 1 view .LVU294
 160:Core/Src/bme280.c **** 	dev->press = BME280_CalibratePress(dev);
 1225              		.loc 1 160 14 is_stmt 0 view .LVU295
 1226 0056 2046     		mov	r0, r4
 1227 0058 FFF7FEFF 		bl	BME280_CalibrateTemp
 1228              	.LVL143:
 160:Core/Src/bme280.c **** 	dev->press = BME280_CalibratePress(dev);
 1229              		.loc 1 160 12 view .LVU296
 1230 005c 84ED0E0B 		vstr.64	d0, [r4, #56]
 161:Core/Src/bme280.c **** 	dev->hum = BME280_CalibrateHum(dev);
 1231              		.loc 1 161 2 is_stmt 1 view .LVU297
 161:Core/Src/bme280.c **** 	dev->hum = BME280_CalibrateHum(dev);
ARM GAS  /tmp/ccejcqfR.s 			page 29


 1232              		.loc 1 161 15 is_stmt 0 view .LVU298
 1233 0060 2046     		mov	r0, r4
 1234 0062 FFF7FEFF 		bl	BME280_CalibratePress
 1235              	.LVL144:
 161:Core/Src/bme280.c **** 	dev->hum = BME280_CalibrateHum(dev);
 1236              		.loc 1 161 13 view .LVU299
 1237 0066 84ED100B 		vstr.64	d0, [r4, #64]
 162:Core/Src/bme280.c **** 
 1238              		.loc 1 162 2 is_stmt 1 view .LVU300
 162:Core/Src/bme280.c **** 
 1239              		.loc 1 162 13 is_stmt 0 view .LVU301
 1240 006a 2046     		mov	r0, r4
 1241 006c FFF7FEFF 		bl	BME280_CalibrateHum
 1242              	.LVL145:
 162:Core/Src/bme280.c **** 
 1243              		.loc 1 162 11 view .LVU302
 1244 0070 84ED120B 		vstr.64	d0, [r4, #72]
 164:Core/Src/bme280.c **** }
 1245              		.loc 1 164 2 is_stmt 1 view .LVU303
 165:Core/Src/bme280.c **** 
 1246              		.loc 1 165 1 is_stmt 0 view .LVU304
 1247 0074 2846     		mov	r0, r5
 1248 0076 03B0     		add	sp, sp, #12
 1249              	.LCFI18:
 1250              		.cfi_def_cfa_offset 12
 1251              		@ sp needed
 1252 0078 30BD     		pop	{r4, r5, pc}
 165:Core/Src/bme280.c **** 
 1253              		.loc 1 165 1 view .LVU305
 1254              		.cfi_endproc
 1255              	.LFE238:
 1257              		.section	.text.BME280_WriteRegister,"ax",%progbits
 1258              		.align	1
 1259              		.global	BME280_WriteRegister
 1260              		.syntax unified
 1261              		.thumb
 1262              		.thumb_func
 1263              		.fpu fpv4-sp-d16
 1265              	BME280_WriteRegister:
 1266              	.LVL146:
 1267              	.LFB244:
 234:Core/Src/bme280.c **** 
 235:Core/Src/bme280.c **** HAL_StatusTypeDef BME280_WriteRegister(BME280 *dev, uint8_t reg, uint8_t *data) {
 1268              		.loc 1 235 81 is_stmt 1 view -0
 1269              		.cfi_startproc
 1270              		@ args = 0, pretend = 0, frame = 0
 1271              		@ frame_needed = 0, uses_anonymous_args = 0
 1272              		.loc 1 235 81 is_stmt 0 view .LVU307
 1273 0000 00B5     		push	{lr}
 1274              	.LCFI19:
 1275              		.cfi_def_cfa_offset 4
 1276              		.cfi_offset 14, -4
 1277 0002 85B0     		sub	sp, sp, #20
 1278              	.LCFI20:
 1279              		.cfi_def_cfa_offset 24
 236:Core/Src/bme280.c **** 	return HAL_I2C_Mem_Write(dev->i2c_handle, BME280_I2C_ADDR, reg, I2C_MEMADD_SIZE_8BIT, data, 1, HAL
 1280              		.loc 1 236 2 is_stmt 1 view .LVU308
ARM GAS  /tmp/ccejcqfR.s 			page 30


 1281              		.loc 1 236 9 is_stmt 0 view .LVU309
 1282 0004 0068     		ldr	r0, [r0]
 1283              	.LVL147:
 1284              		.loc 1 236 9 view .LVU310
 1285 0006 4FF0FF33 		mov	r3, #-1
 1286 000a 0293     		str	r3, [sp, #8]
 1287 000c 0123     		movs	r3, #1
 1288 000e 0193     		str	r3, [sp, #4]
 1289 0010 0092     		str	r2, [sp]
 1290 0012 0A46     		mov	r2, r1
 1291              	.LVL148:
 1292              		.loc 1 236 9 view .LVU311
 1293 0014 EC21     		movs	r1, #236
 1294              	.LVL149:
 1295              		.loc 1 236 9 view .LVU312
 1296 0016 FFF7FEFF 		bl	HAL_I2C_Mem_Write
 1297              	.LVL150:
 237:Core/Src/bme280.c **** }
 1298              		.loc 1 237 1 view .LVU313
 1299 001a 05B0     		add	sp, sp, #20
 1300              	.LCFI21:
 1301              		.cfi_def_cfa_offset 4
 1302              		@ sp needed
 1303 001c 5DF804FB 		ldr	pc, [sp], #4
 1304              		.cfi_endproc
 1305              	.LFE244:
 1307              		.section	.text.BME280_Initialise,"ax",%progbits
 1308              		.align	1
 1309              		.global	BME280_Initialise
 1310              		.syntax unified
 1311              		.thumb
 1312              		.thumb_func
 1313              		.fpu fpv4-sp-d16
 1315              	BME280_Initialise:
 1316              	.LVL151:
 1317              	.LFB236:
  56:Core/Src/bme280.c **** 
 1318              		.loc 1 56 71 is_stmt 1 view -0
 1319              		.cfi_startproc
 1320              		@ args = 0, pretend = 0, frame = 8
 1321              		@ frame_needed = 0, uses_anonymous_args = 0
  56:Core/Src/bme280.c **** 
 1322              		.loc 1 56 71 is_stmt 0 view .LVU315
 1323 0000 30B5     		push	{r4, r5, lr}
 1324              	.LCFI22:
 1325              		.cfi_def_cfa_offset 12
 1326              		.cfi_offset 4, -12
 1327              		.cfi_offset 5, -8
 1328              		.cfi_offset 14, -4
 1329 0002 83B0     		sub	sp, sp, #12
 1330              	.LCFI23:
 1331              		.cfi_def_cfa_offset 24
 1332 0004 0546     		mov	r5, r0
  59:Core/Src/bme280.c **** 
 1333              		.loc 1 59 2 is_stmt 1 view .LVU316
  59:Core/Src/bme280.c **** 
 1334              		.loc 1 59 18 is_stmt 0 view .LVU317
ARM GAS  /tmp/ccejcqfR.s 			page 31


 1335 0006 0160     		str	r1, [r0]
  61:Core/Src/bme280.c **** 	dev->ADC_p		= 0;
 1336              		.loc 1 61 2 is_stmt 1 view .LVU318
  61:Core/Src/bme280.c **** 	dev->ADC_p		= 0;
 1337              		.loc 1 61 14 is_stmt 0 view .LVU319
 1338 0008 0023     		movs	r3, #0
 1339 000a 8362     		str	r3, [r0, #40]
  62:Core/Src/bme280.c **** 	dev->ADC_h		= 0;
 1340              		.loc 1 62 2 is_stmt 1 view .LVU320
  62:Core/Src/bme280.c **** 	dev->ADC_h		= 0;
 1341              		.loc 1 62 14 is_stmt 0 view .LVU321
 1342 000c C362     		str	r3, [r0, #44]
  63:Core/Src/bme280.c **** 
 1343              		.loc 1 63 2 is_stmt 1 view .LVU322
  63:Core/Src/bme280.c **** 
 1344              		.loc 1 63 14 is_stmt 0 view .LVU323
 1345 000e 0386     		strh	r3, [r0, #48]	@ movhi
  65:Core/Src/bme280.c **** 
 1346              		.loc 1 65 2 is_stmt 1 view .LVU324
  65:Core/Src/bme280.c **** 
 1347              		.loc 1 65 15 is_stmt 0 view .LVU325
 1348 0010 4363     		str	r3, [r0, #52]
  67:Core/Src/bme280.c **** 	dev->press		= 0.0f;
 1349              		.loc 1 67 2 is_stmt 1 view .LVU326
  67:Core/Src/bme280.c **** 	dev->press		= 0.0f;
 1350              		.loc 1 67 14 is_stmt 0 view .LVU327
 1351 0012 0022     		movs	r2, #0
 1352 0014 0023     		movs	r3, #0
 1353 0016 C0E90E23 		strd	r2, [r0, #56]
  68:Core/Src/bme280.c **** 	dev->hum		= 0.0f;
 1354              		.loc 1 68 2 is_stmt 1 view .LVU328
  68:Core/Src/bme280.c **** 	dev->hum		= 0.0f;
 1355              		.loc 1 68 14 is_stmt 0 view .LVU329
 1356 001a C0E91023 		strd	r2, [r0, #64]
  69:Core/Src/bme280.c **** 
 1357              		.loc 1 69 2 is_stmt 1 view .LVU330
  69:Core/Src/bme280.c **** 
 1358              		.loc 1 69 12 is_stmt 0 view .LVU331
 1359 001e C0E91223 		strd	r2, [r0, #72]
  72:Core/Src/bme280.c **** 	HAL_StatusTypeDef status;
 1360              		.loc 1 72 2 is_stmt 1 view .LVU332
 1361              	.LVL152:
  73:Core/Src/bme280.c **** 
 1362              		.loc 1 73 2 view .LVU333
  76:Core/Src/bme280.c **** 
 1363              		.loc 1 76 2 view .LVU334
  78:Core/Src/bme280.c **** 	status = BME280_WriteRegister(dev, BME280_REG_RESET, &regData);
 1364              		.loc 1 78 2 view .LVU335
  78:Core/Src/bme280.c **** 	status = BME280_WriteRegister(dev, BME280_REG_RESET, &regData);
 1365              		.loc 1 78 10 is_stmt 0 view .LVU336
 1366 0022 B623     		movs	r3, #182
 1367 0024 8DF80730 		strb	r3, [sp, #7]
  79:Core/Src/bme280.c **** 	errNum += (status != HAL_OK);
 1368              		.loc 1 79 2 is_stmt 1 view .LVU337
  79:Core/Src/bme280.c **** 	errNum += (status != HAL_OK);
 1369              		.loc 1 79 11 is_stmt 0 view .LVU338
 1370 0028 0DF10702 		add	r2, sp, #7
ARM GAS  /tmp/ccejcqfR.s 			page 32


 1371 002c E021     		movs	r1, #224
 1372              	.LVL153:
  79:Core/Src/bme280.c **** 	errNum += (status != HAL_OK);
 1373              		.loc 1 79 11 view .LVU339
 1374 002e FFF7FEFF 		bl	BME280_WriteRegister
 1375              	.LVL154:
  80:Core/Src/bme280.c **** 	HAL_Delay(100);
 1376              		.loc 1 80 2 is_stmt 1 view .LVU340
  80:Core/Src/bme280.c **** 	HAL_Delay(100);
 1377              		.loc 1 80 20 is_stmt 0 view .LVU341
 1378 0032 041E     		subs	r4, r0, #0
 1379 0034 18BF     		it	ne
 1380 0036 0124     		movne	r4, #1
 1381              	.LVL155:
  81:Core/Src/bme280.c **** 
 1382              		.loc 1 81 2 is_stmt 1 view .LVU342
 1383 0038 6420     		movs	r0, #100
 1384              	.LVL156:
  81:Core/Src/bme280.c **** 
 1385              		.loc 1 81 2 is_stmt 0 view .LVU343
 1386 003a FFF7FEFF 		bl	HAL_Delay
 1387              	.LVL157:
  87:Core/Src/bme280.c **** 	errNum += (status != HAL_OK);
 1388              		.loc 1 87 2 is_stmt 1 view .LVU344
  87:Core/Src/bme280.c **** 	errNum += (status != HAL_OK);
 1389              		.loc 1 87 11 is_stmt 0 view .LVU345
 1390 003e 0DF10702 		add	r2, sp, #7
 1391 0042 D021     		movs	r1, #208
 1392 0044 2846     		mov	r0, r5
 1393 0046 FFF7FEFF 		bl	BME280_ReadRegister
 1394              	.LVL158:
  88:Core/Src/bme280.c **** 
 1395              		.loc 1 88 2 is_stmt 1 view .LVU346
  88:Core/Src/bme280.c **** 
 1396              		.loc 1 88 9 is_stmt 0 view .LVU347
 1397 004a 0028     		cmp	r0, #0
 1398 004c 18BF     		it	ne
 1399 004e 0134     		addne	r4, r4, #1
 1400              	.LVL159:
  90:Core/Src/bme280.c **** 		return 255;
 1401              		.loc 1 90 2 is_stmt 1 view .LVU348
  90:Core/Src/bme280.c **** 		return 255;
 1402              		.loc 1 90 14 is_stmt 0 view .LVU349
 1403 0050 9DF80730 		ldrb	r3, [sp, #7]	@ zero_extendqisi2
  90:Core/Src/bme280.c **** 		return 255;
 1404              		.loc 1 90 5 view .LVU350
 1405 0054 602B     		cmp	r3, #96
 1406 0056 02D0     		beq	.L32
  91:Core/Src/bme280.c **** 	}
 1407              		.loc 1 91 10 view .LVU351
 1408 0058 FF20     		movs	r0, #255
 1409              	.LVL160:
 1410              	.L29:
 121:Core/Src/bme280.c **** 
 1411              		.loc 1 121 1 view .LVU352
 1412 005a 03B0     		add	sp, sp, #12
 1413              	.LCFI24:
ARM GAS  /tmp/ccejcqfR.s 			page 33


 1414              		.cfi_remember_state
 1415              		.cfi_def_cfa_offset 12
 1416              		@ sp needed
 1417 005c 30BD     		pop	{r4, r5, pc}
 1418              	.LVL161:
 1419              	.L32:
 1420              	.LCFI25:
 1421              		.cfi_restore_state
  97:Core/Src/bme280.c **** 
 1422              		.loc 1 97 2 is_stmt 1 view .LVU353
  97:Core/Src/bme280.c **** 
 1423              		.loc 1 97 12 is_stmt 0 view .LVU354
 1424 005e 2846     		mov	r0, r5
 1425              	.LVL162:
  97:Core/Src/bme280.c **** 
 1426              		.loc 1 97 12 view .LVU355
 1427 0060 FFF7FEFF 		bl	BME280_ReadCalibrationData
 1428              	.LVL163:
  97:Core/Src/bme280.c **** 
 1429              		.loc 1 97 9 view .LVU356
 1430 0064 0444     		add	r4, r4, r0
 1431              	.LVL164:
  97:Core/Src/bme280.c **** 
 1432              		.loc 1 97 9 view .LVU357
 1433 0066 E4B2     		uxtb	r4, r4
 1434              	.LVL165:
 102:Core/Src/bme280.c **** 	status = BME280_WriteRegister(dev, BME280_REG_CONFIG, &regData);
 1435              		.loc 1 102 2 is_stmt 1 view .LVU358
 102:Core/Src/bme280.c **** 	status = BME280_WriteRegister(dev, BME280_REG_CONFIG, &regData);
 1436              		.loc 1 102 10 is_stmt 0 view .LVU359
 1437 0068 0023     		movs	r3, #0
 1438 006a 8DF80730 		strb	r3, [sp, #7]
 103:Core/Src/bme280.c **** 	errNum += (status != HAL_OK);
 1439              		.loc 1 103 2 is_stmt 1 view .LVU360
 103:Core/Src/bme280.c **** 	errNum += (status != HAL_OK);
 1440              		.loc 1 103 11 is_stmt 0 view .LVU361
 1441 006e 0DF10702 		add	r2, sp, #7
 1442 0072 F521     		movs	r1, #245
 1443 0074 2846     		mov	r0, r5
 1444 0076 FFF7FEFF 		bl	BME280_WriteRegister
 1445              	.LVL166:
 104:Core/Src/bme280.c **** 
 1446              		.loc 1 104 2 is_stmt 1 view .LVU362
 104:Core/Src/bme280.c **** 
 1447              		.loc 1 104 9 is_stmt 0 view .LVU363
 1448 007a 0028     		cmp	r0, #0
 1449 007c 18BF     		it	ne
 1450 007e 0134     		addne	r4, r4, #1
 1451              	.LVL167:
 104:Core/Src/bme280.c **** 
 1452              		.loc 1 104 9 view .LVU364
 1453 0080 E4B2     		uxtb	r4, r4
 1454              	.LVL168:
 109:Core/Src/bme280.c **** 	status = BME280_WriteRegister(dev, BME280_REG_CTRL_HUM, &regData);
 1455              		.loc 1 109 2 is_stmt 1 view .LVU365
 109:Core/Src/bme280.c **** 	status = BME280_WriteRegister(dev, BME280_REG_CTRL_HUM, &regData);
 1456              		.loc 1 109 10 is_stmt 0 view .LVU366
ARM GAS  /tmp/ccejcqfR.s 			page 34


 1457 0082 0123     		movs	r3, #1
 1458 0084 8DF80730 		strb	r3, [sp, #7]
 110:Core/Src/bme280.c **** 	errNum += (status != HAL_OK);
 1459              		.loc 1 110 2 is_stmt 1 view .LVU367
 110:Core/Src/bme280.c **** 	errNum += (status != HAL_OK);
 1460              		.loc 1 110 11 is_stmt 0 view .LVU368
 1461 0088 0DF10702 		add	r2, sp, #7
 1462 008c F221     		movs	r1, #242
 1463 008e 2846     		mov	r0, r5
 1464              	.LVL169:
 110:Core/Src/bme280.c **** 	errNum += (status != HAL_OK);
 1465              		.loc 1 110 11 view .LVU369
 1466 0090 FFF7FEFF 		bl	BME280_WriteRegister
 1467              	.LVL170:
 111:Core/Src/bme280.c **** 
 1468              		.loc 1 111 2 is_stmt 1 view .LVU370
 111:Core/Src/bme280.c **** 
 1469              		.loc 1 111 9 is_stmt 0 view .LVU371
 1470 0094 0028     		cmp	r0, #0
 1471 0096 18BF     		it	ne
 1472 0098 0134     		addne	r4, r4, #1
 1473              	.LVL171:
 111:Core/Src/bme280.c **** 
 1474              		.loc 1 111 9 view .LVU372
 1475 009a E4B2     		uxtb	r4, r4
 1476              	.LVL172:
 116:Core/Src/bme280.c **** 	status = BME280_WriteRegister(dev, BME280_REG_CTRL_MEAS, &regData);
 1477              		.loc 1 116 2 is_stmt 1 view .LVU373
 116:Core/Src/bme280.c **** 	status = BME280_WriteRegister(dev, BME280_REG_CTRL_MEAS, &regData);
 1478              		.loc 1 116 10 is_stmt 0 view .LVU374
 1479 009c 2623     		movs	r3, #38
 1480 009e 8DF80730 		strb	r3, [sp, #7]
 117:Core/Src/bme280.c **** 	errNum += (status != HAL_OK);
 1481              		.loc 1 117 2 is_stmt 1 view .LVU375
 117:Core/Src/bme280.c **** 	errNum += (status != HAL_OK);
 1482              		.loc 1 117 11 is_stmt 0 view .LVU376
 1483 00a2 0DF10702 		add	r2, sp, #7
 1484 00a6 F421     		movs	r1, #244
 1485 00a8 2846     		mov	r0, r5
 1486              	.LVL173:
 117:Core/Src/bme280.c **** 	errNum += (status != HAL_OK);
 1487              		.loc 1 117 11 view .LVU377
 1488 00aa FFF7FEFF 		bl	BME280_WriteRegister
 1489              	.LVL174:
 118:Core/Src/bme280.c **** 
 1490              		.loc 1 118 2 is_stmt 1 view .LVU378
 118:Core/Src/bme280.c **** 
 1491              		.loc 1 118 9 is_stmt 0 view .LVU379
 1492 00ae 0028     		cmp	r0, #0
 1493 00b0 0CBF     		ite	eq
 1494 00b2 2046     		moveq	r0, r4
 1495 00b4 601C     		addne	r0, r4, #1
 1496              	.LVL175:
 118:Core/Src/bme280.c **** 
 1497              		.loc 1 118 9 view .LVU380
 1498 00b6 C0B2     		uxtb	r0, r0
 1499              	.LVL176:
ARM GAS  /tmp/ccejcqfR.s 			page 35


 120:Core/Src/bme280.c **** }
 1500              		.loc 1 120 2 is_stmt 1 view .LVU381
 120:Core/Src/bme280.c **** }
 1501              		.loc 1 120 9 is_stmt 0 view .LVU382
 1502 00b8 CFE7     		b	.L29
 1503              		.cfi_endproc
 1504              	.LFE236:
 1506              		.section	.text.BME280_PerformMeasurements,"ax",%progbits
 1507              		.align	1
 1508              		.global	BME280_PerformMeasurements
 1509              		.syntax unified
 1510              		.thumb
 1511              		.thumb_func
 1512              		.fpu fpv4-sp-d16
 1514              	BME280_PerformMeasurements:
 1515              	.LVL177:
 1516              	.LFB237:
 126:Core/Src/bme280.c **** 
 1517              		.loc 1 126 49 is_stmt 1 view -0
 1518              		.cfi_startproc
 1519              		@ args = 0, pretend = 0, frame = 8
 1520              		@ frame_needed = 0, uses_anonymous_args = 0
 126:Core/Src/bme280.c **** 
 1521              		.loc 1 126 49 is_stmt 0 view .LVU384
 1522 0000 30B5     		push	{r4, r5, lr}
 1523              	.LCFI26:
 1524              		.cfi_def_cfa_offset 12
 1525              		.cfi_offset 4, -12
 1526              		.cfi_offset 5, -8
 1527              		.cfi_offset 14, -4
 1528 0002 83B0     		sub	sp, sp, #12
 1529              	.LCFI27:
 1530              		.cfi_def_cfa_offset 24
 1531 0004 0546     		mov	r5, r0
 128:Core/Src/bme280.c **** 	uint8_t errNum = 0;
 1532              		.loc 1 128 2 is_stmt 1 view .LVU385
 128:Core/Src/bme280.c **** 	uint8_t errNum = 0;
 1533              		.loc 1 128 10 is_stmt 0 view .LVU386
 1534 0006 0023     		movs	r3, #0
 1535 0008 8DF80730 		strb	r3, [sp, #7]
 129:Core/Src/bme280.c **** 	HAL_StatusTypeDef status;
 1536              		.loc 1 129 2 is_stmt 1 view .LVU387
 1537              	.LVL178:
 130:Core/Src/bme280.c **** 
 1538              		.loc 1 130 2 view .LVU388
 133:Core/Src/bme280.c **** 	errNum += (status != HAL_OK);
 1539              		.loc 1 133 2 view .LVU389
 133:Core/Src/bme280.c **** 	errNum += (status != HAL_OK);
 1540              		.loc 1 133 11 is_stmt 0 view .LVU390
 1541 000c 0DF10702 		add	r2, sp, #7
 1542 0010 F421     		movs	r1, #244
 1543 0012 FFF7FEFF 		bl	BME280_ReadRegister
 1544              	.LVL179:
 134:Core/Src/bme280.c **** 
 1545              		.loc 1 134 2 is_stmt 1 view .LVU391
 134:Core/Src/bme280.c **** 
 1546              		.loc 1 134 20 is_stmt 0 view .LVU392
ARM GAS  /tmp/ccejcqfR.s 			page 36


 1547 0016 041E     		subs	r4, r0, #0
 1548 0018 18BF     		it	ne
 1549 001a 0124     		movne	r4, #1
 1550              	.LVL180:
 137:Core/Src/bme280.c **** 	BME280_WriteRegister(dev, BME280_REG_CTRL_MEAS, &regData);
 1551              		.loc 1 137 2 is_stmt 1 view .LVU393
 137:Core/Src/bme280.c **** 	BME280_WriteRegister(dev, BME280_REG_CTRL_MEAS, &regData);
 1552              		.loc 1 137 10 is_stmt 0 view .LVU394
 1553 001c 9DF80730 		ldrb	r3, [sp, #7]	@ zero_extendqisi2
 1554 0020 43F00103 		orr	r3, r3, #1
 1555 0024 8DF80730 		strb	r3, [sp, #7]
 138:Core/Src/bme280.c **** 	errNum += (status != HAL_OK);
 1556              		.loc 1 138 2 is_stmt 1 view .LVU395
 1557 0028 0DF10702 		add	r2, sp, #7
 1558 002c F421     		movs	r1, #244
 1559 002e 2846     		mov	r0, r5
 1560              	.LVL181:
 138:Core/Src/bme280.c **** 	errNum += (status != HAL_OK);
 1561              		.loc 1 138 2 is_stmt 0 view .LVU396
 1562 0030 FFF7FEFF 		bl	BME280_WriteRegister
 1563              	.LVL182:
 139:Core/Src/bme280.c **** 
 1564              		.loc 1 139 2 is_stmt 1 view .LVU397
 139:Core/Src/bme280.c **** 
 1565              		.loc 1 139 9 is_stmt 0 view .LVU398
 1566 0034 6400     		lsls	r4, r4, #1
 1567              	.LVL183:
 141:Core/Src/bme280.c **** 
 1568              		.loc 1 141 2 is_stmt 1 view .LVU399
 1569 0036 6420     		movs	r0, #100
 1570 0038 FFF7FEFF 		bl	HAL_Delay
 1571              	.LVL184:
 143:Core/Src/bme280.c **** }
 1572              		.loc 1 143 2 view .LVU400
 144:Core/Src/bme280.c **** 
 1573              		.loc 1 144 1 is_stmt 0 view .LVU401
 1574 003c 2046     		mov	r0, r4
 1575 003e 03B0     		add	sp, sp, #12
 1576              	.LCFI28:
 1577              		.cfi_def_cfa_offset 12
 1578              		@ sp needed
 1579 0040 30BD     		pop	{r4, r5, pc}
 144:Core/Src/bme280.c **** 
 1580              		.loc 1 144 1 view .LVU402
 1581              		.cfi_endproc
 1582              	.LFE237:
 1584              		.text
 1585              	.Letext0:
 1586              		.file 2 "/usr/lib/gcc/arm-none-eabi/9.2.1/include/stdint.h"
 1587              		.file 3 "Drivers/CMSIS/Include/core_cm4.h"
 1588              		.file 4 "Drivers/CMSIS/Device/ST/STM32F4xx/Include/system_stm32f4xx.h"
 1589              		.file 5 "Drivers/CMSIS/Device/ST/STM32F4xx/Include/stm32f429xx.h"
 1590              		.file 6 "Drivers/STM32F4xx_HAL_Driver/Inc/stm32f4xx_hal_def.h"
 1591              		.file 7 "Drivers/STM32F4xx_HAL_Driver/Inc/stm32f4xx_hal_dma.h"
 1592              		.file 8 "Drivers/STM32F4xx_HAL_Driver/Inc/stm32f4xx_hal_i2c.h"
 1593              		.file 9 "Drivers/STM32F4xx_HAL_Driver/Inc/stm32f4xx_hal.h"
 1594              		.file 10 "Core/Inc/bme280.h"
ARM GAS  /tmp/ccejcqfR.s 			page 37


ARM GAS  /tmp/ccejcqfR.s 			page 38


DEFINED SYMBOLS
                            *ABS*:0000000000000000 bme280.c
     /tmp/ccejcqfR.s:25     .text.BME280_CalibrateTemp:0000000000000000 $t
     /tmp/ccejcqfR.s:33     .text.BME280_CalibrateTemp:0000000000000000 BME280_CalibrateTemp
     /tmp/ccejcqfR.s:181    .text.BME280_CalibrateTemp:00000000000000c8 $d
     /tmp/ccejcqfR.s:191    .text.BME280_CalibratePress:0000000000000000 $t
     /tmp/ccejcqfR.s:198    .text.BME280_CalibratePress:0000000000000000 BME280_CalibratePress
     /tmp/ccejcqfR.s:524    .text.BME280_CalibratePress:00000000000001e8 $d
     /tmp/ccejcqfR.s:542    .text.BME280_CalibrateHum:0000000000000000 $t
     /tmp/ccejcqfR.s:549    .text.BME280_CalibrateHum:0000000000000000 BME280_CalibrateHum
     /tmp/ccejcqfR.s:793    .text.BME280_CalibrateHum:0000000000000160 $d
     /tmp/ccejcqfR.s:808    .text.BME280_ReadRegister:0000000000000000 $t
     /tmp/ccejcqfR.s:815    .text.BME280_ReadRegister:0000000000000000 BME280_ReadRegister
     /tmp/ccejcqfR.s:858    .text.BME280_ReadRegisters:0000000000000000 $t
     /tmp/ccejcqfR.s:865    .text.BME280_ReadRegisters:0000000000000000 BME280_ReadRegisters
     /tmp/ccejcqfR.s:911    .text.BME280_ReadCalibrationData:0000000000000000 $t
     /tmp/ccejcqfR.s:918    .text.BME280_ReadCalibrationData:0000000000000000 BME280_ReadCalibrationData
     /tmp/ccejcqfR.s:1144   .text.BME280_ReadData:0000000000000000 $t
     /tmp/ccejcqfR.s:1151   .text.BME280_ReadData:0000000000000000 BME280_ReadData
     /tmp/ccejcqfR.s:1258   .text.BME280_WriteRegister:0000000000000000 $t
     /tmp/ccejcqfR.s:1265   .text.BME280_WriteRegister:0000000000000000 BME280_WriteRegister
     /tmp/ccejcqfR.s:1308   .text.BME280_Initialise:0000000000000000 $t
     /tmp/ccejcqfR.s:1315   .text.BME280_Initialise:0000000000000000 BME280_Initialise
     /tmp/ccejcqfR.s:1507   .text.BME280_PerformMeasurements:0000000000000000 $t
     /tmp/ccejcqfR.s:1514   .text.BME280_PerformMeasurements:0000000000000000 BME280_PerformMeasurements

UNDEFINED SYMBOLS
__aeabi_ui2d
__aeabi_dmul
__aeabi_dsub
__aeabi_i2d
__aeabi_dadd
__aeabi_d2iz
__aeabi_ddiv
__aeabi_dcmpeq
__aeabi_dcmpgt
__aeabi_dcmplt
HAL_I2C_Mem_Read
HAL_I2C_Mem_Write
HAL_Delay
