ARM GAS  /tmp/ccnmEIKk.s 			page 1


   1              		.cpu cortex-m4
   2              		.eabi_attribute 27, 1
   3              		.eabi_attribute 28, 1
   4              		.eabi_attribute 20, 1
   5              		.eabi_attribute 21, 1
   6              		.eabi_attribute 23, 3
   7              		.eabi_attribute 24, 1
   8              		.eabi_attribute 25, 1
   9              		.eabi_attribute 26, 1
  10              		.eabi_attribute 30, 1
  11              		.eabi_attribute 34, 1
  12              		.eabi_attribute 18, 4
  13              		.file	"gpio.c"
  14              		.text
  15              	.Ltext0:
  16              		.cfi_sections	.debug_frame
  17              		.section	.text.MX_GPIO_Init,"ax",%progbits
  18              		.align	1
  19              		.global	MX_GPIO_Init
  20              		.arch armv7e-m
  21              		.syntax unified
  22              		.thumb
  23              		.thumb_func
  24              		.fpu fpv4-sp-d16
  26              	MX_GPIO_Init:
  27              	.LFB235:
  28              		.file 1 "Core/Src/gpio.c"
   1:Core/Src/gpio.c **** /* USER CODE BEGIN Header */
   2:Core/Src/gpio.c **** /**
   3:Core/Src/gpio.c ****   ******************************************************************************
   4:Core/Src/gpio.c ****   * @file    gpio.c
   5:Core/Src/gpio.c ****   * @brief   This file provides code for the configuration
   6:Core/Src/gpio.c ****   *          of all used GPIO pins.
   7:Core/Src/gpio.c ****   ******************************************************************************
   8:Core/Src/gpio.c ****   * @attention
   9:Core/Src/gpio.c ****   *
  10:Core/Src/gpio.c ****   * Copyright (c) 2022 STMicroelectronics.
  11:Core/Src/gpio.c ****   * All rights reserved.
  12:Core/Src/gpio.c ****   *
  13:Core/Src/gpio.c ****   * This software is licensed under terms that can be found in the LICENSE file
  14:Core/Src/gpio.c ****   * in the root directory of this software component.
  15:Core/Src/gpio.c ****   * If no LICENSE file comes with this software, it is provided AS-IS.
  16:Core/Src/gpio.c ****   *
  17:Core/Src/gpio.c ****   ******************************************************************************
  18:Core/Src/gpio.c ****   */
  19:Core/Src/gpio.c **** /* USER CODE END Header */
  20:Core/Src/gpio.c **** 
  21:Core/Src/gpio.c **** /* Includes ------------------------------------------------------------------*/
  22:Core/Src/gpio.c **** #include "gpio.h"
  23:Core/Src/gpio.c **** 
  24:Core/Src/gpio.c **** /* USER CODE BEGIN 0 */
  25:Core/Src/gpio.c **** 
  26:Core/Src/gpio.c **** uint8_t flag=0; // zastavica sluzi za provjeru ispravnosti brojanja vremena u kombinaciji sa ledico
  27:Core/Src/gpio.c **** 
  28:Core/Src/gpio.c **** /* USER CODE END 0 */
  29:Core/Src/gpio.c **** 
  30:Core/Src/gpio.c **** /*----------------------------------------------------------------------------*/
ARM GAS  /tmp/ccnmEIKk.s 			page 2


  31:Core/Src/gpio.c **** /* Configure GPIO                                                             */
  32:Core/Src/gpio.c **** /*----------------------------------------------------------------------------*/
  33:Core/Src/gpio.c **** /* USER CODE BEGIN 1 */
  34:Core/Src/gpio.c **** 
  35:Core/Src/gpio.c **** /* USER CODE END 1 */
  36:Core/Src/gpio.c **** 
  37:Core/Src/gpio.c **** /** Configure pins as
  38:Core/Src/gpio.c ****         * Analog
  39:Core/Src/gpio.c ****         * Input
  40:Core/Src/gpio.c ****         * Output
  41:Core/Src/gpio.c ****         * EVENT_OUT
  42:Core/Src/gpio.c ****         * EXTI
  43:Core/Src/gpio.c **** */
  44:Core/Src/gpio.c **** void MX_GPIO_Init(void)
  45:Core/Src/gpio.c **** {
  29              		.loc 1 45 1 view -0
  30              		.cfi_startproc
  31              		@ args = 0, pretend = 0, frame = 48
  32              		@ frame_needed = 0, uses_anonymous_args = 0
  33 0000 F0B5     		push	{r4, r5, r6, r7, lr}
  34              	.LCFI0:
  35              		.cfi_def_cfa_offset 20
  36              		.cfi_offset 4, -20
  37              		.cfi_offset 5, -16
  38              		.cfi_offset 6, -12
  39              		.cfi_offset 7, -8
  40              		.cfi_offset 14, -4
  41 0002 8DB0     		sub	sp, sp, #52
  42              	.LCFI1:
  43              		.cfi_def_cfa_offset 72
  46:Core/Src/gpio.c **** 
  47:Core/Src/gpio.c ****   GPIO_InitTypeDef GPIO_InitStruct = {0};
  44              		.loc 1 47 3 view .LVU1
  45              		.loc 1 47 20 is_stmt 0 view .LVU2
  46 0004 0024     		movs	r4, #0
  47 0006 0794     		str	r4, [sp, #28]
  48 0008 0894     		str	r4, [sp, #32]
  49 000a 0994     		str	r4, [sp, #36]
  50 000c 0A94     		str	r4, [sp, #40]
  51 000e 0B94     		str	r4, [sp, #44]
  48:Core/Src/gpio.c **** 
  49:Core/Src/gpio.c ****   /* GPIO Ports Clock Enable */
  50:Core/Src/gpio.c ****   __HAL_RCC_GPIOC_CLK_ENABLE();
  52              		.loc 1 50 3 is_stmt 1 view .LVU3
  53              	.LBB2:
  54              		.loc 1 50 3 view .LVU4
  55 0010 0094     		str	r4, [sp]
  56              		.loc 1 50 3 view .LVU5
  57 0012 3B4B     		ldr	r3, .L3
  58 0014 1A6B     		ldr	r2, [r3, #48]
  59 0016 42F00402 		orr	r2, r2, #4
  60 001a 1A63     		str	r2, [r3, #48]
  61              		.loc 1 50 3 view .LVU6
  62 001c 1A6B     		ldr	r2, [r3, #48]
  63 001e 02F00402 		and	r2, r2, #4
  64 0022 0092     		str	r2, [sp]
  65              		.loc 1 50 3 view .LVU7
ARM GAS  /tmp/ccnmEIKk.s 			page 3


  66 0024 009A     		ldr	r2, [sp]
  67              	.LBE2:
  68              		.loc 1 50 3 view .LVU8
  51:Core/Src/gpio.c ****   __HAL_RCC_GPIOF_CLK_ENABLE();
  69              		.loc 1 51 3 view .LVU9
  70              	.LBB3:
  71              		.loc 1 51 3 view .LVU10
  72 0026 0194     		str	r4, [sp, #4]
  73              		.loc 1 51 3 view .LVU11
  74 0028 1A6B     		ldr	r2, [r3, #48]
  75 002a 42F02002 		orr	r2, r2, #32
  76 002e 1A63     		str	r2, [r3, #48]
  77              		.loc 1 51 3 view .LVU12
  78 0030 1A6B     		ldr	r2, [r3, #48]
  79 0032 02F02002 		and	r2, r2, #32
  80 0036 0192     		str	r2, [sp, #4]
  81              		.loc 1 51 3 view .LVU13
  82 0038 019A     		ldr	r2, [sp, #4]
  83              	.LBE3:
  84              		.loc 1 51 3 view .LVU14
  52:Core/Src/gpio.c ****   __HAL_RCC_GPIOH_CLK_ENABLE();
  85              		.loc 1 52 3 view .LVU15
  86              	.LBB4:
  87              		.loc 1 52 3 view .LVU16
  88 003a 0294     		str	r4, [sp, #8]
  89              		.loc 1 52 3 view .LVU17
  90 003c 1A6B     		ldr	r2, [r3, #48]
  91 003e 42F08002 		orr	r2, r2, #128
  92 0042 1A63     		str	r2, [r3, #48]
  93              		.loc 1 52 3 view .LVU18
  94 0044 1A6B     		ldr	r2, [r3, #48]
  95 0046 02F08002 		and	r2, r2, #128
  96 004a 0292     		str	r2, [sp, #8]
  97              		.loc 1 52 3 view .LVU19
  98 004c 029A     		ldr	r2, [sp, #8]
  99              	.LBE4:
 100              		.loc 1 52 3 view .LVU20
  53:Core/Src/gpio.c ****   __HAL_RCC_GPIOE_CLK_ENABLE();
 101              		.loc 1 53 3 view .LVU21
 102              	.LBB5:
 103              		.loc 1 53 3 view .LVU22
 104 004e 0394     		str	r4, [sp, #12]
 105              		.loc 1 53 3 view .LVU23
 106 0050 1A6B     		ldr	r2, [r3, #48]
 107 0052 42F01002 		orr	r2, r2, #16
 108 0056 1A63     		str	r2, [r3, #48]
 109              		.loc 1 53 3 view .LVU24
 110 0058 1A6B     		ldr	r2, [r3, #48]
 111 005a 02F01002 		and	r2, r2, #16
 112 005e 0392     		str	r2, [sp, #12]
 113              		.loc 1 53 3 view .LVU25
 114 0060 039A     		ldr	r2, [sp, #12]
 115              	.LBE5:
 116              		.loc 1 53 3 view .LVU26
  54:Core/Src/gpio.c ****   __HAL_RCC_GPIOG_CLK_ENABLE();
 117              		.loc 1 54 3 view .LVU27
 118              	.LBB6:
ARM GAS  /tmp/ccnmEIKk.s 			page 4


 119              		.loc 1 54 3 view .LVU28
 120 0062 0494     		str	r4, [sp, #16]
 121              		.loc 1 54 3 view .LVU29
 122 0064 1A6B     		ldr	r2, [r3, #48]
 123 0066 42F04002 		orr	r2, r2, #64
 124 006a 1A63     		str	r2, [r3, #48]
 125              		.loc 1 54 3 view .LVU30
 126 006c 1A6B     		ldr	r2, [r3, #48]
 127 006e 02F04002 		and	r2, r2, #64
 128 0072 0492     		str	r2, [sp, #16]
 129              		.loc 1 54 3 view .LVU31
 130 0074 049A     		ldr	r2, [sp, #16]
 131              	.LBE6:
 132              		.loc 1 54 3 view .LVU32
  55:Core/Src/gpio.c ****   __HAL_RCC_GPIOA_CLK_ENABLE();
 133              		.loc 1 55 3 view .LVU33
 134              	.LBB7:
 135              		.loc 1 55 3 view .LVU34
 136 0076 0594     		str	r4, [sp, #20]
 137              		.loc 1 55 3 view .LVU35
 138 0078 1A6B     		ldr	r2, [r3, #48]
 139 007a 42F00102 		orr	r2, r2, #1
 140 007e 1A63     		str	r2, [r3, #48]
 141              		.loc 1 55 3 view .LVU36
 142 0080 1A6B     		ldr	r2, [r3, #48]
 143 0082 02F00102 		and	r2, r2, #1
 144 0086 0592     		str	r2, [sp, #20]
 145              		.loc 1 55 3 view .LVU37
 146 0088 059A     		ldr	r2, [sp, #20]
 147              	.LBE7:
 148              		.loc 1 55 3 view .LVU38
  56:Core/Src/gpio.c ****   __HAL_RCC_GPIOB_CLK_ENABLE();
 149              		.loc 1 56 3 view .LVU39
 150              	.LBB8:
 151              		.loc 1 56 3 view .LVU40
 152 008a 0694     		str	r4, [sp, #24]
 153              		.loc 1 56 3 view .LVU41
 154 008c 1A6B     		ldr	r2, [r3, #48]
 155 008e 42F00202 		orr	r2, r2, #2
 156 0092 1A63     		str	r2, [r3, #48]
 157              		.loc 1 56 3 view .LVU42
 158 0094 1B6B     		ldr	r3, [r3, #48]
 159 0096 03F00203 		and	r3, r3, #2
 160 009a 0693     		str	r3, [sp, #24]
 161              		.loc 1 56 3 view .LVU43
 162 009c 069B     		ldr	r3, [sp, #24]
 163              	.LBE8:
 164              		.loc 1 56 3 view .LVU44
  57:Core/Src/gpio.c **** 
  58:Core/Src/gpio.c ****   /*Configure GPIO pin Output Level */
  59:Core/Src/gpio.c ****   HAL_GPIO_WritePin(GPIOE, GPIO_PIN_8, GPIO_PIN_RESET);
 165              		.loc 1 59 3 view .LVU45
 166 009e 194F     		ldr	r7, .L3+4
 167 00a0 2246     		mov	r2, r4
 168 00a2 4FF48071 		mov	r1, #256
 169 00a6 3846     		mov	r0, r7
 170 00a8 FFF7FEFF 		bl	HAL_GPIO_WritePin
ARM GAS  /tmp/ccnmEIKk.s 			page 5


 171              	.LVL0:
  60:Core/Src/gpio.c **** 
  61:Core/Src/gpio.c ****   /*Configure GPIO pin Output Level */
  62:Core/Src/gpio.c ****   HAL_GPIO_WritePin(GPIOG, GPIO_PIN_2|GPIO_PIN_13, GPIO_PIN_RESET);
 172              		.loc 1 62 3 view .LVU46
 173 00ac 164D     		ldr	r5, .L3+8
 174 00ae 2246     		mov	r2, r4
 175 00b0 42F20401 		movw	r1, #8196
 176 00b4 2846     		mov	r0, r5
 177 00b6 FFF7FEFF 		bl	HAL_GPIO_WritePin
 178              	.LVL1:
  63:Core/Src/gpio.c **** 
  64:Core/Src/gpio.c ****   /*Configure GPIO pin : PE8 */
  65:Core/Src/gpio.c ****   GPIO_InitStruct.Pin = GPIO_PIN_8;
 179              		.loc 1 65 3 view .LVU47
 180              		.loc 1 65 23 is_stmt 0 view .LVU48
 181 00ba 4FF48073 		mov	r3, #256
 182 00be 0793     		str	r3, [sp, #28]
  66:Core/Src/gpio.c ****   GPIO_InitStruct.Mode = GPIO_MODE_OUTPUT_PP;
 183              		.loc 1 66 3 is_stmt 1 view .LVU49
 184              		.loc 1 66 24 is_stmt 0 view .LVU50
 185 00c0 0126     		movs	r6, #1
 186 00c2 0896     		str	r6, [sp, #32]
  67:Core/Src/gpio.c ****   GPIO_InitStruct.Pull = GPIO_NOPULL;
 187              		.loc 1 67 3 is_stmt 1 view .LVU51
 188              		.loc 1 67 24 is_stmt 0 view .LVU52
 189 00c4 0994     		str	r4, [sp, #36]
  68:Core/Src/gpio.c ****   GPIO_InitStruct.Speed = GPIO_SPEED_FREQ_LOW;
 190              		.loc 1 68 3 is_stmt 1 view .LVU53
 191              		.loc 1 68 25 is_stmt 0 view .LVU54
 192 00c6 0A94     		str	r4, [sp, #40]
  69:Core/Src/gpio.c ****   HAL_GPIO_Init(GPIOE, &GPIO_InitStruct);
 193              		.loc 1 69 3 is_stmt 1 view .LVU55
 194 00c8 07A9     		add	r1, sp, #28
 195 00ca 3846     		mov	r0, r7
 196 00cc FFF7FEFF 		bl	HAL_GPIO_Init
 197              	.LVL2:
  70:Core/Src/gpio.c **** 
  71:Core/Src/gpio.c ****   /*Configure GPIO pin : PG2 */
  72:Core/Src/gpio.c ****   GPIO_InitStruct.Pin = GPIO_PIN_2;
 198              		.loc 1 72 3 view .LVU56
 199              		.loc 1 72 23 is_stmt 0 view .LVU57
 200 00d0 0423     		movs	r3, #4
 201 00d2 0793     		str	r3, [sp, #28]
  73:Core/Src/gpio.c ****   GPIO_InitStruct.Mode = GPIO_MODE_OUTPUT_PP;
 202              		.loc 1 73 3 is_stmt 1 view .LVU58
 203              		.loc 1 73 24 is_stmt 0 view .LVU59
 204 00d4 0896     		str	r6, [sp, #32]
  74:Core/Src/gpio.c ****   GPIO_InitStruct.Pull = GPIO_PULLDOWN;
 205              		.loc 1 74 3 is_stmt 1 view .LVU60
 206              		.loc 1 74 24 is_stmt 0 view .LVU61
 207 00d6 0223     		movs	r3, #2
 208 00d8 0993     		str	r3, [sp, #36]
  75:Core/Src/gpio.c ****   GPIO_InitStruct.Speed = GPIO_SPEED_FREQ_VERY_HIGH;
 209              		.loc 1 75 3 is_stmt 1 view .LVU62
 210              		.loc 1 75 25 is_stmt 0 view .LVU63
 211 00da 0323     		movs	r3, #3
ARM GAS  /tmp/ccnmEIKk.s 			page 6


 212 00dc 0A93     		str	r3, [sp, #40]
  76:Core/Src/gpio.c ****   HAL_GPIO_Init(GPIOG, &GPIO_InitStruct);
 213              		.loc 1 76 3 is_stmt 1 view .LVU64
 214 00de 07A9     		add	r1, sp, #28
 215 00e0 2846     		mov	r0, r5
 216 00e2 FFF7FEFF 		bl	HAL_GPIO_Init
 217              	.LVL3:
  77:Core/Src/gpio.c **** 
  78:Core/Src/gpio.c ****   /*Configure GPIO pin : PG13 */
  79:Core/Src/gpio.c ****   GPIO_InitStruct.Pin = GPIO_PIN_13;
 218              		.loc 1 79 3 view .LVU65
 219              		.loc 1 79 23 is_stmt 0 view .LVU66
 220 00e6 4FF40053 		mov	r3, #8192
 221 00ea 0793     		str	r3, [sp, #28]
  80:Core/Src/gpio.c ****   GPIO_InitStruct.Mode = GPIO_MODE_OUTPUT_PP;
 222              		.loc 1 80 3 is_stmt 1 view .LVU67
 223              		.loc 1 80 24 is_stmt 0 view .LVU68
 224 00ec 0896     		str	r6, [sp, #32]
  81:Core/Src/gpio.c ****   GPIO_InitStruct.Pull = GPIO_NOPULL;
 225              		.loc 1 81 3 is_stmt 1 view .LVU69
 226              		.loc 1 81 24 is_stmt 0 view .LVU70
 227 00ee 0994     		str	r4, [sp, #36]
  82:Core/Src/gpio.c ****   GPIO_InitStruct.Speed = GPIO_SPEED_FREQ_LOW;
 228              		.loc 1 82 3 is_stmt 1 view .LVU71
 229              		.loc 1 82 25 is_stmt 0 view .LVU72
 230 00f0 0A94     		str	r4, [sp, #40]
  83:Core/Src/gpio.c ****   HAL_GPIO_Init(GPIOG, &GPIO_InitStruct);
 231              		.loc 1 83 3 is_stmt 1 view .LVU73
 232 00f2 07A9     		add	r1, sp, #28
 233 00f4 2846     		mov	r0, r5
 234 00f6 FFF7FEFF 		bl	HAL_GPIO_Init
 235              	.LVL4:
  84:Core/Src/gpio.c **** 
  85:Core/Src/gpio.c **** }
 236              		.loc 1 85 1 is_stmt 0 view .LVU74
 237 00fa 0DB0     		add	sp, sp, #52
 238              	.LCFI2:
 239              		.cfi_def_cfa_offset 20
 240              		@ sp needed
 241 00fc F0BD     		pop	{r4, r5, r6, r7, pc}
 242              	.L4:
 243 00fe 00BF     		.align	2
 244              	.L3:
 245 0100 00380240 		.word	1073887232
 246 0104 00100240 		.word	1073876992
 247 0108 00180240 		.word	1073879040
 248              		.cfi_endproc
 249              	.LFE235:
 251              		.section	.text.led_inverse,"ax",%progbits
 252              		.align	1
 253              		.global	led_inverse
 254              		.syntax unified
 255              		.thumb
 256              		.thumb_func
 257              		.fpu fpv4-sp-d16
 259              	led_inverse:
 260              	.LFB236:
ARM GAS  /tmp/ccnmEIKk.s 			page 7


  86:Core/Src/gpio.c **** 
  87:Core/Src/gpio.c **** /* USER CODE BEGIN 2 */
  88:Core/Src/gpio.c **** 
  89:Core/Src/gpio.c **** void led_inverse(){
 261              		.loc 1 89 19 is_stmt 1 view -0
 262              		.cfi_startproc
 263              		@ args = 0, pretend = 0, frame = 0
 264              		@ frame_needed = 0, uses_anonymous_args = 0
 265 0000 08B5     		push	{r3, lr}
 266              	.LCFI3:
 267              		.cfi_def_cfa_offset 8
 268              		.cfi_offset 3, -8
 269              		.cfi_offset 14, -4
  90:Core/Src/gpio.c **** 	flag^=1;
 270              		.loc 1 90 2 view .LVU76
 271              		.loc 1 90 6 is_stmt 0 view .LVU77
 272 0002 074B     		ldr	r3, .L7
 273 0004 1A78     		ldrb	r2, [r3]	@ zero_extendqisi2
 274 0006 82F00102 		eor	r2, r2, #1
 275 000a 1A70     		strb	r2, [r3]
  91:Core/Src/gpio.c **** 
  92:Core/Src/gpio.c **** 	GPIO_PinState pinState;
 276              		.loc 1 92 2 is_stmt 1 view .LVU78
  93:Core/Src/gpio.c **** 
  94:Core/Src/gpio.c **** 	pinState = (flag == 1)? GPIO_PIN_SET : GPIO_PIN_RESET;
 277              		.loc 1 94 2 view .LVU79
 278              	.LVL5:
  95:Core/Src/gpio.c **** 
  96:Core/Src/gpio.c **** 	HAL_GPIO_WritePin(GPIOG, LED_PinNumber , pinState);
 279              		.loc 1 96 2 view .LVU80
 280 000c 012A     		cmp	r2, #1
 281 000e 14BF     		ite	ne
 282 0010 0022     		movne	r2, #0
 283              	.LVL6:
 284              		.loc 1 96 2 is_stmt 0 view .LVU81
 285 0012 0122     		moveq	r2, #1
 286 0014 4FF40051 		mov	r1, #8192
 287 0018 0248     		ldr	r0, .L7+4
 288 001a FFF7FEFF 		bl	HAL_GPIO_WritePin
 289              	.LVL7:
  97:Core/Src/gpio.c **** }
 290              		.loc 1 97 1 view .LVU82
 291 001e 08BD     		pop	{r3, pc}
 292              	.L8:
 293              		.align	2
 294              	.L7:
 295 0020 00000000 		.word	.LANCHOR0
 296 0024 00180240 		.word	1073879040
 297              		.cfi_endproc
 298              	.LFE236:
 300              		.section	.text.gpio_pump_state,"ax",%progbits
 301              		.align	1
 302              		.global	gpio_pump_state
 303              		.syntax unified
 304              		.thumb
 305              		.thumb_func
 306              		.fpu fpv4-sp-d16
ARM GAS  /tmp/ccnmEIKk.s 			page 8


 308              	gpio_pump_state:
 309              	.LVL8:
 310              	.LFB237:
  98:Core/Src/gpio.c **** 
  99:Core/Src/gpio.c **** 
 100:Core/Src/gpio.c **** void gpio_pump_state(uint8_t state){
 311              		.loc 1 100 36 is_stmt 1 view -0
 312              		.cfi_startproc
 313              		@ args = 0, pretend = 0, frame = 0
 314              		@ frame_needed = 0, uses_anonymous_args = 0
 315              		.loc 1 100 36 is_stmt 0 view .LVU84
 316 0000 08B5     		push	{r3, lr}
 317              	.LCFI4:
 318              		.cfi_def_cfa_offset 8
 319              		.cfi_offset 3, -8
 320              		.cfi_offset 14, -4
 101:Core/Src/gpio.c **** 
 102:Core/Src/gpio.c **** 	GPIO_PinState pinState;
 321              		.loc 1 102 2 is_stmt 1 view .LVU85
 103:Core/Src/gpio.c **** 
 104:Core/Src/gpio.c **** 	pinState = (state == 1)? GPIO_PIN_SET : GPIO_PIN_RESET;
 322              		.loc 1 104 2 view .LVU86
 323              	.LVL9:
 105:Core/Src/gpio.c **** 
 106:Core/Src/gpio.c **** 	HAL_GPIO_WritePin(GPIOG, PUMP_PinNumber , pinState);
 324              		.loc 1 106 2 view .LVU87
 325 0002 0128     		cmp	r0, #1
 326 0004 14BF     		ite	ne
 327 0006 0022     		movne	r2, #0
 328 0008 0122     		moveq	r2, #1
 329 000a 0421     		movs	r1, #4
 330 000c 0148     		ldr	r0, .L11
 331              	.LVL10:
 332              		.loc 1 106 2 is_stmt 0 view .LVU88
 333 000e FFF7FEFF 		bl	HAL_GPIO_WritePin
 334              	.LVL11:
 107:Core/Src/gpio.c **** 
 108:Core/Src/gpio.c **** }
 335              		.loc 1 108 1 view .LVU89
 336 0012 08BD     		pop	{r3, pc}
 337              	.L12:
 338              		.align	2
 339              	.L11:
 340 0014 00180240 		.word	1073879040
 341              		.cfi_endproc
 342              	.LFE237:
 344              		.global	flag
 345              		.section	.bss.flag,"aw",%nobits
 346              		.set	.LANCHOR0,. + 0
 349              	flag:
 350 0000 00       		.space	1
 351              		.text
 352              	.Letext0:
 353              		.file 2 "/usr/lib/gcc/arm-none-eabi/9.2.1/include/stdint.h"
 354              		.file 3 "Drivers/CMSIS/Include/core_cm4.h"
 355              		.file 4 "Drivers/CMSIS/Device/ST/STM32F4xx/Include/system_stm32f4xx.h"
 356              		.file 5 "Drivers/CMSIS/Device/ST/STM32F4xx/Include/stm32f429xx.h"
ARM GAS  /tmp/ccnmEIKk.s 			page 9


 357              		.file 6 "Drivers/STM32F4xx_HAL_Driver/Inc/stm32f4xx_hal_gpio.h"
 358              		.file 7 "Drivers/STM32F4xx_HAL_Driver/Inc/stm32f4xx_hal.h"
ARM GAS  /tmp/ccnmEIKk.s 			page 10


DEFINED SYMBOLS
                            *ABS*:0000000000000000 gpio.c
     /tmp/ccnmEIKk.s:18     .text.MX_GPIO_Init:0000000000000000 $t
     /tmp/ccnmEIKk.s:26     .text.MX_GPIO_Init:0000000000000000 MX_GPIO_Init
     /tmp/ccnmEIKk.s:245    .text.MX_GPIO_Init:0000000000000100 $d
     /tmp/ccnmEIKk.s:252    .text.led_inverse:0000000000000000 $t
     /tmp/ccnmEIKk.s:259    .text.led_inverse:0000000000000000 led_inverse
     /tmp/ccnmEIKk.s:295    .text.led_inverse:0000000000000020 $d
     /tmp/ccnmEIKk.s:301    .text.gpio_pump_state:0000000000000000 $t
     /tmp/ccnmEIKk.s:308    .text.gpio_pump_state:0000000000000000 gpio_pump_state
     /tmp/ccnmEIKk.s:340    .text.gpio_pump_state:0000000000000014 $d
     /tmp/ccnmEIKk.s:349    .bss.flag:0000000000000000 flag
     /tmp/ccnmEIKk.s:350    .bss.flag:0000000000000000 $d

UNDEFINED SYMBOLS
HAL_GPIO_WritePin
HAL_GPIO_Init
